<?xml version="1.0" encoding="UTF-8" ?>
<testsuite errors="0" failures="0" hostname="mochi.local" name="gash.proto.app.LoadTest" tests="1" time="1.001" timestamp="2012-03-03T00:42:48">
  <properties>
[...]
</properties>
  <testcase classname="gash.proto.app.LoadTest" name="testLoadUsers" time="0.796" />
  <system-out><![CDATA[---> create took 428 msec, 0.428 msec/entry
---> load took 149 msec, 0.149 msec/entry

---> query: Charlie

- Charlie, ID = 32b218d2-fecc-4e19-8aa5-a992461b1279
]]></system-out>
  <system-err><![CDATA[1 [main] INFO gash.proto.engine.ProtoEngine - opening collection: test
1 [main] INFO gash.proto.engine.ProtoEngine - collection data: /opt/226/ppl/test/data
1 [main] INFO gash.proto.engine.ProtoEngine - collection index: /opt/226/ppl/test/index
]]></system-err>
</testsuite>
