<?xml version="1.0" encoding="UTF-8" ?>
<testsuite errors="0" failures="0" hostname="shoyu.local" name="gash.hibernate.app.PeopleQueryTest" tests="1" time="1.362" timestamp="2011-03-12T02:50:05">
  <properties>
[...]
</properties>
  <testcase classname="gash.hibernate.app.PeopleQueryTest" name="testFindById" time="1.305" />
  <system-out><![CDATA[
-----------------------------------------------------
(id=40271) Celia Elick, Celia1, Other
]]></system-out>
  <system-err><![CDATA[SLF4J: Failed to load class "org.slf4j.impl.StaticLoggerBinder".
SLF4J: Defaulting to no-operation (NOP) logger implementation
SLF4J: See http://www.slf4j.org/codes.html#StaticLoggerBinder for further details.
]]></system-err>
</testsuite>
