<?xml version="1.0" encoding="UTF-8" ?>
<testsuite errors="0" failures="0" hostname="miso.local" name="gash.hibernate.app.PeopleQueryTest" tests="5" time="4.119" timestamp="2011-02-28T03:56:47">
  <properties>
[...]
</properties>
  <testcase classname="gash.hibernate.app.PeopleQueryTest" name="testFindById" time="1.646" />
  <testcase classname="gash.hibernate.app.PeopleQueryTest" name="testOne" time="0.01" />
  <testcase classname="gash.hibernate.app.PeopleQueryTest" name="testCriteria" time="1.245" />
  <testcase classname="gash.hibernate.app.PeopleQueryTest" name="testQueryHQL" time="0.306" />
  <testcase classname="gash.hibernate.app.PeopleQueryTest" name="testQueryJoin" time="0.852" />
  <system-out><![CDATA[
-----------------------------------------------------
19:56:48,176  INFO RegionFactoryCacheProviderBridge:61 - Cache provider: org.hibernate.cache.NoCacheProvider
19:56:48,432  INFO SchemaValidator:121 - Running schema validator
19:56:48,432  INFO SchemaValidator:129 - fetching database metadata
19:56:48,746  INFO TableMetadata:65 - table found: public.contact
19:56:48,747  INFO TableMetadata:66 - columns: [person_id, contact_id, value, type, note, version]
19:56:48,754  INFO TableMetadata:65 - table found: public.person
19:56:48,755  INFO TableMetadata:66 - columns: [person_id, nickname, created, role, lastname, firstname, version]

find() found: (id=1) Miah Nellie, Bar, Other

-----------------------------------------------------

found 1 results
(id=1) Miah Nellie, Bar, Other

-----------------------------------------------------

found 2518 results
(id=415) Mariano Yareli, Mariano1, Friend
(id=609) Elena Arthur, Elena1, Friend
(id=1027) Alec Janiya, Alec1, Friend
(id=2179) Isabel Nevaeh, Isabel2, Friend
(id=2755) Myla Mildred, Myla1, Friend
(id=3367) Fatima George, Fatima1, Friend
(id=3630) Leah Elsie, Leah2, Friend
(id=4028) Viva Anaya, Viva1, Friend
(id=5270) George Danielle, George2, Friend
(id=5455) Elza Samantha, Elza1, Friend
(id=6122) Aedan Armani, Aedan1, Friend
(id=6642) Shania Breanna, Shania1, Friend
(id=7143) Fannie Aloysius, Fannie1, Friend
(id=7180) Antwan Shannon, Antwan2, Friend
(id=7415) Mathew Dona, Mathew3, Friend
(id=7985) Broderick Giovanna, Broderick2, Friend
(id=8251) Frida Nathanial, Frida2, Friend
(id=9681) Andy Loma, Andy4, Friend
(id=10832) Emely Martin, Emely1, Friend
(id=11037) Vida Toni, Vida1, Friend
(id=11338) Andre Rashad, Andre1, Friend
(id=12074) Aurora Dominik, Aurora2, Friend
(id=12097) Stacy Christena, Stacy1, Friend
(id=12232) Nestor Rex, Nestor3, Friend
(id=12267) Arthur Red, Arthur5, Friend
(id=12788) Delle Jennie, Delle2, Friend
(id=13205) Leroy Ester, Leroy1, Friend
(id=13841) Easton Leota, Easton1, Friend
(id=13880) Mable Jefferson, Mable1, Friend
(id=14707) Classie Clifford, Classie2, Friend
(id=15024) Winfield Pearl, Winfield4, Friend
(id=15189) Tristian Tayshaun, Tristian1, Friend
(id=15480) Drake Gussie, Drake2, Friend
(id=15661) Bailey Clint, Bailey5, Friend
(id=15926) Warren Aliza, Warren5, Friend
(id=16106) Miranda Karol, Miranda2, Friend
(id=16423) Wheeler Joella, Wheeler1, Friend
(id=16661) Avie Octavio, Avie2, Friend
(id=17109) Colleen Leonidas, Colleen4, Friend
(id=17287) Mark Angeline, Mark5, Friend
(id=17352) Jordyn Jennie, Jordyn7, Friend
(id=17917) Jaxon Rex, Jaxon4, Friend
(id=18066) Lydia Devin, Lydia2, Friend
(id=18204) Stella Tyshawn, Stella2, Friend
(id=18659) Polly Bailey, Polly4, Friend
(id=19118) Destiney Mack, Destiney2, Friend
(id=20475) Layne Sage, Layne1, Friend
(id=20656) Ophelia Jaheim, Ophelia3, Friend
(id=20941) Ellen Kathleen, Ellen3, Friend
(id=21168) Elie Bird, Elie1, Friend
(id=22264) Cyrus Hartley, Cyrus3, Friend
(id=22551) Nicolette Rebekah, Nicolette2, Friend
(id=22771) Celeste Casper, Celeste6, Friend
(id=22810) Kinsley Alda, Kinsley3, Friend
(id=22911) Mai Fritz, Mai2, Friend
(id=23398) Thomas Riley, Thomas4, Friend
(id=23531) Brooks Erin, Brooks4, Friend
(id=23624) Angeline Trinity, Angeline4, Friend
(id=23772) Asia Bailey, Asia2, Friend
(id=24043) Andreas Almyra, Andreas4, Friend
(id=26275) Jamarion Clay, Jamarion4, Friend
(id=27052) Gael Albion, Gael5, Friend
(id=27721) Astrid Antoine, Astrid2, Friend
(id=27772) Manuel Aimee, Manuel3, Friend
(id=28788) Cora Sandra, Cora3, Friend
(id=30307) Kamren Johnson, Kamren1, Friend
(id=31669) Katie Elizebeth, Katie4, Friend
(id=32044) Carroll Johnnie, Carroll6, Friend
(id=33463) Alejandro Kathy, Alejandro4, Friend
(id=33875) Bena Quincy, Bena5, Friend
(id=34797) Kurt Tate, Kurt1, Friend
(id=34832) Lillis Madeline, Lillis1, Friend
(id=35214) Elle Tristian, Elle1, Friend
(id=35427) Amy Raegan, Amy3, Friend
(id=36392) Guadalupe Finn, Guadalupe5, Friend
(id=36724) Clifford Zane, Clifford6, Friend
(id=37354) Redden Jesse, Redden2, Friend
(id=37503) Travon Clay, Travon4, Friend
(id=38204) Bethany Jacey, Bethany2, Friend
(id=38235) Mina August, Mina7, Friend
(id=39118) Mathilde Maya, Mathilde5, Friend
(id=474) Sammy Arianna, Sammy1, Friend
(id=761) Sara Bennett, Sara1, Friend
(id=3525) Heaven Maeve, Heaven1, Friend
(id=3872) Delilah Lydia, Delilah3, Friend
(id=3901) Aidian Frank, Aidian1, Friend
(id=4052) Asbury Emely, Asbury1, Friend
(id=4255) Makai Aidian, Makai2, Friend
(id=4651) Jase Josef, Jase1, Friend
(id=5189) Shade Pete, Shade2, Friend
(id=6481) Shirley Estefani, Shirley2, Friend
(id=6849) Amos Veronica, Amos2, Friend
(id=8053) Mart Nola, Mart1, Friend
(id=8134) Landon Antoinette, Landon1, Friend
(id=8160) Evelin Kody, Evelin2, Friend
(id=9129) Omar Ariel, Omar2, Friend
(id=9213) Shannon Paola, Shannon2, Friend
(id=9470) Taryn Mariam, Taryn2, Friend
(id=11045) Darrell Hana, Darrell2, Friend
(id=12937) Garry Blaise, Garry3, Friend
(id=12967) Leonidas Lanie, Leonidas2, Friend
(id=13329) Moises Jermaine, Moises2, Friend
(id=14355) Henry Halsey, Henry2, Friend
(id=14549) Williams Joseph, Williams2, Friend
(id=14917) Serenity Sibyl, Serenity3, Friend
(id=15200) Stacy Ruth, Stacy3, Friend
(id=15270) Clarance Montserrat, Clarance1, Friend
(id=15843) Jenny Uno, Jenny3, Friend
(id=16552) Randolph Jean, Randolph2, Friend
(id=16900) Bernardo Althea, Bernardo1, Friend
(id=17186) Rosalee Rennie, Rosalee2, Friend
(id=18259) Loula Edd, Loula3, Friend
(id=18345) Clare Jaiden, Clare3, Friend
(id=18843) Celeste Alfreda, Celeste4, Friend
(id=19432) Magdalene Charlie, Magdalene3, Friend
(id=19506) Ardella Lionel, Ardella1, Friend
(id=20317) Charlie Charles, Charlie6, Friend
(id=20639) Maurice Luna, Maurice4, Friend
(id=20875) Kristin Adelbert, Kristin6, Friend
(id=20902) Hanna Elisa, Hanna1, Friend
(id=21316) Belen Carlos, Belen3, Friend
(id=21380) Lizbeth Carley, Lizbeth3, Friend
(id=22595) Cesar Minnie, Cesar2, Friend
(id=22657) Clinton Loma, Clinton3, Friend
(id=24320) Mara Giles, Mara2, Friend
(id=24677) Liller Littie, Liller2, Friend
(id=24726) Lenora Dena, Lenora3, Friend
(id=25358) Melody Pete, Melody3, Friend
(id=25443) Katlyn Irven, Katlyn3, Friend
(id=25522) Louise Pete, Louise4, Friend
(id=25753) Nelle Hassie, Nelle4, Friend
(id=25836) Jeanne Javier, Jeanne3, Friend
(id=25986) Olen Heath, Olen2, Friend
(id=26261) Romeo Kailee, Romeo6, Friend
(id=26533) Ronald Belle, Ronald1, Friend
(id=27197) Nikki Reagan, Nikki3, Friend
(id=27213) Adrianna Ezequiel, Adrianna3, Friend
(id=27982) Konner Gideon, Konner5, Friend
(id=28790) Jakayla Sallie, Jakayla2, Friend
(id=28910) Eliza Kennedi, Eliza6, Friend
(id=29116) Julie Britney, Julie7, Friend
(id=29409) Damian Antonia, Damian4, Friend
(id=29748) Clarence Gilbert, Clarence3, Friend
(id=29840) Alana Mackenzie, Alana2, Friend
(id=30619) Kyla Humberto, Kyla2, Friend
(id=30651) Raina Rex, Raina3, Friend
(id=31134) Isa Vernon, Isa5, Friend
(id=31325) Carrie Nelia, Carrie7, Friend
(id=31631) Holly Piper, Holly3, Friend
(id=32267) Bennie Hayleigh, Bennie6, Friend
(id=33276) Houston Santiago, Houston5, Friend
(id=33397) Gabriela Ellsworth, Gabriela2, Friend
(id=33995) Crystal Marcus, Crystal3, Friend
(id=34470) Armani Alysa, Armani4, Friend
(id=34561) Anahi India, Anahi1, Friend
(id=35110) Eric Wallace, Eric3, Friend
(id=35525) Permelia Clemente, Permelia6, Friend
(id=35924) Lenard Delbert, Lenard2, Friend
(id=36938) Barney Hailee, Barney3, Friend
(id=36999) Adolf Hyrum, Adolf2, Friend
(id=37060) Harman America, Harman5, Friend
(id=38119) Graham Finley, Graham3, Friend
(id=38807) Marco Alvena, Marco4, Friend
(id=38819) Luis Ottilia, Luis8, Friend
(id=1256) Frank Celie, Frank1, Friend
(id=2086) Maribel Ivah, Maribel1, Friend
(id=2994) Chelsea Violet, Chelsea2, Friend
(id=3782) Adelaide Sina, Adelaide2, Friend
(id=4567) Byron Kaylee, Byron2, Friend
(id=4840) Calla Manley, Calla2, Friend
(id=5018) Silas Bailey, Silas1, Friend
(id=5128) Eileen Dorothy, Eileen2, Friend
(id=5281) Ethen Monica, Ethen1, Friend
(id=6035) Lollie Sophia, Lollie1, Friend
(id=6235) Kalilarbrovich Sannie, Kalilarbrovich1, Friend
(id=6919) Jakayla Natalia, Jakayla1, Friend
(id=7133) Maggie Mina, Maggie1, Friend
(id=7137) Sawyer Omer, Sawyer2, Friend
(id=7551) Daphne Richard, Daphne2, Friend
(id=10349) Lonie Tommie, Lonie2, Friend
(id=10442) Avie Annabelle, Avie1, Friend
(id=10677) Schwartz Luna, Schwartz3, Friend
(id=10921) Valentin Barbara, Valentin3, Friend
(id=10924) Olivepit Jamya, Olivepit1, Friend
(id=11348) Rebeca Ezekiel, Rebeca1, Friend
(id=11499) Wilda Patience, Wilda1, Friend
(id=11689) Garret Matteo, Garret1, Friend
(id=11892) Colleen Mathilde, Colleen2, Friend
(id=12262) Pierce Leanna, Pierce1, Friend
(id=12586) Stuart Jack, Stuart3, Friend
(id=13718) Colleen Jewel, Colleen3, Friend
(id=14345) Eula Forest, Eula2, Friend
(id=14681) Carly Avendale, Carly1, Friend
(id=14796) Brooks Essie, Brooks3, Friend
(id=15151) Luther Jakob, Luther2, Friend
(id=15856) Ian Hope, Ian5, Friend
(id=15862) Celestine Anna, Celestine4, Friend
(id=16273) Wade Salma, Wade4, Friend
(id=16938) Alison Madelyn, Alison3, Friend
(id=17041) Lissie Cecil, Lissie1, Friend
(id=17057) Isaiah Amie, Isaiah1, Friend
(id=18327) Wilhelmina Shelby, Wilhelmina2, Friend
(id=18374) Cohen Dominik, Cohen1, Friend
(id=18417) Ramon Jalyn, Ramon2, Friend
(id=18926) Lizbeth Priscilla, Lizbeth2, Friend
(id=20280) Robbie Layne, Robbie2, Friend
(id=20529) Smith Hans, Smith4, Friend
(id=21900) Pablo Amarion, Pablo8, Friend
(id=23130) Washington Linnie, Washington3, Friend
(id=23463) Cornelius Estelle, Cornelius6, Friend
(id=23487) Tayshaun Xiomara, Tayshaun1, Friend
(id=23862) Stacy Anne, Stacy4, Friend
(id=23904) Hans Oswaldo, Hans2, Friend
(id=25218) Kristin Emilio, Kristin7, Friend
(id=25872) Jazmyn Doc, Jazmyn2, Friend
(id=27544) Frieda Loyd, Frieda3, Friend
(id=27980) Karl Pierce, Karl2, Friend
(id=28893) Ciara Catharine, Ciara1, Friend
(id=29677) Joanna Nehemiah, Joanna4, Friend
(id=30193) Salomon Reed, Salomon3, Friend
(id=31203) Wilhelm Math, Wilhelm2, Friend
(id=31223) Rodney Ollie, Rodney7, Friend
(id=32093) Dave Early, Dave5, Friend
(id=32126) Sergio Liddie, Sergio3, Friend
(id=32712) Sullivan Clare, Sullivan4, Friend
(id=32728) Elissa Alva, Elissa5, Friend
(id=33810) Prince Freddie, Prince2, Friend
(id=34105) Allie Enrique, Allie4, Friend
(id=34365) Bernhard Jaheim, Bernhard2, Friend
(id=34567) Newton Theresa, Newton4, Friend
(id=34956) Louie Vivian, Louie2, Friend
(id=35148) Aliza Peace, Aliza4, Friend
(id=35717) Rich Zack, Rich1, Friend
(id=35787) Lillian Susan, Lillian7, Friend
(id=36124) Aubrey Jared, Aubrey2, Friend
(id=36134) Shreya Nyla, Shreya4, Friend
(id=36792) Kamden Lela, Kamden3, Friend
(id=37065) Darren Aldo, Darren3, Friend
(id=37924) Armando Danielle, Armando3, Friend
(id=38523) Glenna Ricky, Glenna3, Friend
(id=38803) Daisy Cassie, Daisy5, Friend
(id=539) Cason Ceylon, Cason1, Friend
(id=1431) Kate Alice, Kate1, Friend
(id=1709) Annette Brenton, Annette1, Friend
(id=2033) Evelina Carroll, Evelina1, Friend
(id=2498) Clem Lydia, Clem1, Friend
(id=2732) Sophie Coralie, Sophie1, Friend
(id=3531) Carlotta Alton, Carlotta1, Friend
(id=4066) Jonathon Arlie, Jonathon1, Friend
(id=4190) Stefan Franklin, Stefan1, Friend
(id=4285) Estelle Cary, Estelle1, Friend
(id=4412) Pierre Garry, Pierre1, Friend
(id=4454) Leora Jaylyn, Leora1, Friend
(id=5044) Noelle Truman, Noelle1, Friend
(id=5214) Patsy Bailey, Patsy1, Friend
(id=5585) Veronica Eola, Veronica1, Friend
(id=6398) Adeline Jamel, Adeline2, Friend
(id=6974) Alexandria Julio, Alexandria2, Friend
(id=7502) Ramon Aron, Ramon1, Friend
(id=7505) Christian Icy, Christian3, Friend
(id=7644) Corrie Archibald, Corrie1, Friend
(id=7870) Adeline Davin, Adeline3, Friend
(id=8064) Drew Wilfred, Drew3, Friend
(id=8957) Lucian Magdalena, Lucian2, Friend
(id=9346) Gwendolyn Jamel, Gwendolyn1, Friend
(id=9533) Cynthia Patricia, Cynthia1, Friend
(id=9668) Jennifer Dellar, Jennifer1, Friend
(id=10668) Dimitri Micah, Dimitri3, Friend
(id=11250) Carol Zada, Carol1, Friend
(id=11409) Polly Marlee, Polly3, Friend
(id=11527) Cherry Tayler, Cherry2, Friend
(id=13557) Timothy Giovanny, Timothy4, Friend
(id=13716) Aurora Carlotta, Aurora3, Friend
(id=14143) Lauretta Sean, Lauretta2, Friend
(id=15133) Susana Marilyn, Susana1, Friend
(id=15460) Agustin Maren, Agustin2, Friend
(id=15895) Willie Otelia, Willie7, Friend
(id=16370) Oran Bullock, Oran3, Friend
(id=17074) Hazel Gwendolyn, Hazel3, Friend
(id=17303) Jordyn Tyson, Jordyn6, Friend
(id=17415) Rylee Albertina, Rylee3, Friend
(id=17834) Easton Erwin, Easton2, Friend
(id=18173) Amani Brady, Amani2, Friend
(id=19533) Charley Cullen, Charley1, Friend
(id=19947) Jeffery Deborah, Jeffery2, Friend
(id=20289) Ethyl Jerry, Ethyl1, Friend
(id=20598) Noelle Melissa, Noelle4, Friend
(id=21339) Mollie Jamarion, Mollie5, Friend
(id=22174) Bradley Dove, Bradley7, Friend
(id=22266) Kamron Bertha, Kamron1, Friend
(id=22890) Giana Sofia, Giana4, Friend
(id=23239) Amelia Alvaro, Amelia3, Friend
(id=23763) Julius Jefferson, Julius4, Friend
(id=24682) Dan Natalie, Dan2, Friend
(id=24820) Dessie Hortense, Dessie3, Friend
(id=25168) Kaiden Natalie, Kaiden3, Friend
(id=25514) Amari Camilla, Amari3, Friend
(id=25624) Fernando Marjorie, Fernando5, Friend
(id=26270) Romeo Adolfo, Romeo7, Friend
(id=26383) Mary Eddie, Mary6, Friend
(id=27574) Elder Birtha, Elder2, Friend
(id=27757) Mekhi Julia, Mekhi2, Friend
(id=27916) Keyshawn Kira, Keyshawn3, Friend
(id=28216) Charlie Brad, Charlie9, Friend
(id=29376) Talia Marshall, Talia4, Friend
(id=29560) Minna Bernhard, Minna3, Friend
(id=30997) Abigayle Keagan, Abigayle2, Friend
(id=31028) Lonnie Amos, Lonnie5, Friend
(id=31212) Ardelia Alaina, Ardelia1, Friend
(id=31218) Willian Kali, Willian5, Friend
(id=31564) Karina Francisco, Karina4, Friend
(id=31961) Baldwin Lyric, Baldwin4, Friend
(id=32481) Daniela Alessandro, Daniela4, Friend
(id=32678) Lenora Mary, Lenora4, Friend
(id=33549) Lily Elmina, Lily8, Friend
(id=34464) Isabelle Brittany, Isabelle5, Friend
(id=35228) Mildred Cecilia, Mildred1, Friend
(id=36057) Blaine Victoria, Blaine3, Friend
(id=36245) Archibald Berdie, Archibald4, Friend
(id=36340) Mya Jones, Mya5, Friend
(id=37647) Mame Erick, Mame3, Friend
(id=38043) Ramon Iva, Ramon4, Friend
(id=38690) Bernard Perla, Bernard6, Friend
(id=38907) Amelia Littie, Amelia5, Friend
(id=723) Makayla Stockar, Makayla1, Friend
(id=1122) Daphne Darien, Daphne1, Friend
(id=2397) Marcellus Belle, Marcellus1, Friend
(id=3790) Lynn Kaia, Lynn3, Friend
(id=4522) Bryson Esau, Bryson2, Friend
(id=4636) Camille Ethelyn, Camille2, Friend
(id=6219) Dorcas Ashton, Dorcas2, Friend
(id=6946) Maud Clarke, Maud1, Friend
(id=8425) Irvin Aimee, Irvin2, Friend
(id=8727) Zella Troy, Zella1, Friend
(id=9074) Ruth Keyon, Ruth4, Friend
(id=9165) Tommie Frankie, Tommie4, Friend
(id=9185) Pablo Colleen, Pablo3, Friend
(id=9495) Genie Octavia, Genie1, Friend
(id=9891) Wilburn Serena, Wilburn1, Friend
(id=10277) Dylon Juliet, Dylon1, Friend
(id=10328) Smith Howard, Smith1, Friend
(id=10447) Liller Davon, Liller1, Friend
(id=11741) Yvette Kamari, Yvette2, Friend
(id=11974) Cadence Vincent, Cadence1, Friend
(id=12328) Stacy Robert, Stacy2, Friend
(id=14982) Delia Patience, Delia2, Friend
(id=15017) Josh Bennett, Josh1, Friend
(id=15250) Hassie Matthew, Hassie2, Friend
(id=15332) Abby Levi, Abby3, Friend
(id=15475) Lacy Nevaeh, Lacy3, Friend
(id=15768) Ike Oran, Ike1, Friend
(id=15984) Hamp Elisha, Hamp3, Friend
(id=16084) Marissa Philomena, Marissa4, Friend
(id=16417) Bedford Gary, Bedford2, Friend
(id=16916) Sadie Chloe, Sadie2, Friend
(id=17135) Arminda Mikel, Arminda1, Friend
(id=18511) Hyrum Ethan, Hyrum1, Friend
(id=18867) Pranav Sarahi, Pranav2, Friend
(id=19744) Jessee Kaiya, Jessee4, Friend
(id=20694) Golda Matteo, Golda1, Friend
(id=21446) Oliver Noe, Oliver2, Friend
(id=22057) Aditya Tristen, Aditya2, Friend
(id=23276) Elian Destini, Elian1, Friend
(id=23685) Silvia Demsky, Silvia2, Friend
(id=23817) Jeannette Mathew, Jeannette5, Friend
(id=24249) Royal Desmond, Royal2, Friend
(id=24293) Rillie Mckenna, Rillie1, Friend
(id=24585) Cara Deborah, Cara4, Friend
(id=25239) Bertie Katherine, Bertie3, Friend
(id=25321) Norman Dexter, Norman4, Friend
(id=26723) Kaylen Dicy, Kaylen1, Friend
(id=26879) Ivan Maud, Ivan4, Friend
(id=27121) Paige Pearl, Paige3, Friend
(id=27199) Rena Ara, Rena1, Friend
(id=27902) Alisa Alys, Alisa3, Friend
(id=28041) Nina Drew, Nina4, Friend
(id=28386) Ocie Noah, Ocie3, Friend
(id=28513) Lilliana Carolina, Lilliana2, Friend
(id=28718) Kendra Eva, Kendra3, Friend
(id=29061) Minor Tessie, Minor3, Friend
(id=30017) Natalie Lily, Natalie2, Friend
(id=30497) Neva Irvin, Neva2, Friend
(id=30579) Willard Rube, Willard3, Friend
(id=31497) Shirley Jabari, Shirley8, Friend
(id=31673) Wiley Frank, Wiley3, Friend
(id=31817) Billy Alla, Billy5, Friend
(id=32189) Angie Ples, Angie7, Friend
(id=33330) Nan Eligah, Nan3, Friend
(id=33593) Dane Ayden, Dane3, Friend
(id=33755) Cristobal Guillermo, Cristobal2, Friend
(id=35163) Kathryn Raoul, Kathryn2, Friend
(id=35551) Gabe Elam, Gabe3, Friend
(id=35600) Olivia Armand, Olivia4, Friend
(id=35685) Serenity Jadyn, Serenity4, Friend
(id=36387) Paralee Humberto, Paralee1, Friend
(id=36620) Genesis Doss, Genesis4, Friend
(id=36696) Mittie Phoenix, Mittie1, Friend
(id=37263) Hannah Rodney, Hannah5, Friend
(id=38003) Tristan Reese, Tristan3, Friend
(id=38125) Madeleine Jay, Madeleine2, Friend
(id=38864) Helene Mariela, Helene5, Friend
(id=39190) Keaton Alani, Keaton3, Friend
(id=39317) Ashley Don, Ashley6, Friend
(id=1082) Jailyn Bryan, Jailyn1, Friend
(id=1250) Kristin Kamari, Kristin1, Friend
(id=1809) Ava Hailie, Ava1, Friend
(id=2420) Mai Eden, Mai1, Friend
(id=3561) Willa Oda, Willa1, Friend
(id=3980) Jeremiah Lular, Jeremiah1, Friend
(id=4408) Isaias Eulalie, Isaias2, Friend
(id=4441) Phyllis Lynn, Phyllis1, Friend
(id=4458) Julie Peyton, Julie1, Friend
(id=5616) Vernon Sage, Vernon1, Friend
(id=5786) Dorsey Chrissie, Dorsey2, Friend
(id=5985) Thomas Veronica, Thomas1, Friend
(id=6467) Wilhelm Keshawn, Wilhelm1, Friend
(id=6491) Phoebe Ned, Phoebe1, Friend
(id=7532) Newt Celeste, Newt1, Friend
(id=7766) Avery Brisa, Avery2, Friend
(id=10342) Elmire Washington, Elmire1, Friend
(id=10389) Valentin Kason, Valentin2, Friend
(id=10968) Kayla Drucilla, Kayla2, Friend
(id=10981) Mitchell Clarie, Mitchell4, Friend
(id=12810) Jeanne Lonnie, Jeanne1, Friend
(id=13994) Brandi Dangelo, Brandi2, Friend
(id=15744) Moses Hazel, Moses2, Friend
(id=16128) Marin Cyrus, Marin1, Friend
(id=16631) Reid Willow, Reid1, Friend
(id=17282) Rosalie Norris, Rosalie1, Friend
(id=17360) Georgie Randall, Georgie3, Friend
(id=17797) Isabel Nina, Isabel4, Friend
(id=18388) Bradley Veronica, Bradley6, Friend
(id=19047) Marcella Lou, Marcella3, Friend
(id=19716) Vida Jamari, Vida2, Friend
(id=20122) Savion Orville, Savion3, Friend
(id=22122) Tyler Norah, Tyler3, Friend
(id=22197) Levi Kaden, Levi3, Friend
(id=22236) Penelope Teagan, Penelope2, Friend
(id=22381) Dillard Pierre, Dillard1, Friend
(id=22673) Marie Jason, Marie4, Friend
(id=23915) Melissa Coleman, Melissa6, Friend
(id=24149) Grady Sonny, Grady2, Friend
(id=24728) Ashly Fletcher, Ashly7, Friend
(id=24935) Thursa Rosemary, Thursa2, Friend
(id=25942) Juliet Ben, Juliet4, Friend
(id=26137) Nettie Abbigail, Nettie3, Friend
(id=26773) Fernanda Mayme, Fernanda1, Friend
(id=27127) Nettie Joyce, Nettie4, Friend
(id=27222) Ava Braulio, Ava6, Friend
(id=27509) Lora Gerald, Lora3, Friend
(id=27728) Bradley Hessie, Bradley8, Friend
(id=27908) Lavina Burley, Lavina4, Friend
(id=28395) Allison Jayda, Allison2, Friend
(id=29074) Ireland Efren, Ireland2, Friend
(id=29830) Turner Louie, Turner3, Friend
(id=30145) Phoebe Averie, Phoebe6, Friend
(id=31927) Uno Uriah, Uno2, Friend
(id=32370) Todd Cherry, Todd3, Friend
(id=32758) Rose Etha, Rose4, Friend
(id=33289) Jarrett Drusilla, Jarrett7, Friend
(id=34555) Curt Kaden, Curt5, Friend
(id=35877) Nena Brenden, Nena4, Friend
(id=35927) Ronaldo Felipe, Ronaldo3, Friend
(id=36071) Agatha Ryland, Agatha2, Friend
(id=36886) Holmes Bertha, Holmes3, Friend
(id=37410) Mignon Junie, Mignon5, Friend
(id=37992) Kitty Olen, Kitty5, Friend
(id=38300) Douglas Colby, Douglas6, Friend
(id=38724) Talon Cora, Talon4, Friend
(id=38983) Matt Royal, Matt4, Friend
(id=39512) Huldah Terrence, Huldah2, Friend
(id=585) Lorena Brennan, Lorena1, Friend
(id=1491) Author Sydney, Author1, Friend
(id=1555) Sawyer Levi, Sawyer1, Friend
(id=1579) Osa Augustin, Osa1, Friend
(id=1873) Jenny Romeo, Jenny1, Friend
(id=2228) Bronson Cliff, Bronson1, Friend
(id=2858) Gabe Russell, Gabe1, Friend
(id=4146) Keira Fern, Keira1, Friend
(id=4771) Rylie Madeline, Rylie1, Friend
(id=5885) Devon Gus, Devon1, Friend
(id=6330) Charlotte Taylor, Charlotte2, Friend
(id=6408) Marisol Rocky, Marisol1, Friend
(id=8670) Malinda Harry, Malinda2, Friend
(id=8735) Honora Cooper, Honora3, Friend
(id=9078) Muhammad Leland, Muhammad1, Friend
(id=10510) Amari Gordon, Amari1, Friend
(id=11113) Louis Walter, Louis3, Friend
(id=11747) Irwin Zona, Irwin1, Friend
(id=15567) Saige Elliott, Saige1, Friend
(id=15888) Shirley Alvah, Shirley4, Friend
(id=16452) Jaylan Micah, Jaylan3, Friend
(id=17514) Bob Seymour, Bob2, Friend
(id=19333) Michael Neva, Michael3, Friend
(id=20186) Isabella Horace, Isabella1, Friend
(id=21469) Damion Enos, Damion1, Friend
(id=21989) Sidney Sterling, Sidney5, Friend
(id=22701) Karissa Lesley, Karissa3, Friend
(id=22876) Rafael Quintin, Rafael1, Friend
(id=22982) Marshall Denver, Marshall3, Friend
(id=23913) Brooks Jonas, Brooks5, Friend
(id=23969) Gideon Mervin, Gideon3, Friend
(id=24245) Davian Leanna, Davian2, Friend
(id=24384) Nelson Lucina, Nelson4, Friend
(id=24434) Loyd Kiana, Loyd4, Friend
(id=24448) Georgie Breana, Georgie5, Friend
(id=24897) Robbie Marjorie, Robbie4, Friend
(id=26291) Ricardo Harve, Ricardo3, Friend
(id=26309) Iliana Angela, Iliana2, Friend
(id=26332) Darwin Waylon, Darwin1, Friend
(id=26448) Felicity Patricia, Felicity5, Friend
(id=27028) Nolan Sasha, Nolan3, Friend
(id=27327) Kizzie Lizzie, Kizzie3, Friend
(id=27462) Justice Anaya, Justice5, Friend
(id=27539) Asher Cal, Asher3, Friend
(id=27791) Talon Leon, Talon3, Friend
(id=27880) Albert Stanton, Albert2, Friend
(id=28092) Catherine Lum, Catherine7, Friend
(id=28344) Ike Augusta, Ike2, Friend
(id=28860) Evan Melinda, Evan5, Friend
(id=29233) Bella Noah, Bella8, Friend
(id=29856) Patty Mona, Patty5, Friend
(id=30402) Gilbert Rafael, Gilbert5, Friend
(id=30807) Mara Jordan, Mara3, Friend
(id=31616) Jefferson Kaitlyn, Jefferson4, Friend
(id=32211) Theodore Estevan, Theodore5, Friend
(id=32491) Averie Carina, Averie1, Friend
(id=32650) Helena Daisy, Helena2, Friend
(id=33350) Aditya Freddy, Aditya4, Friend
(id=34265) Edythe Mahlon, Edythe1, Friend
(id=34443) Adriel Gideon, Adriel4, Friend
(id=36563) Josh Bernardo, Josh2, Friend
(id=36613) Julian Alec, Julian9, Friend
(id=37034) Rena Maye, Rena3, Friend
(id=38641) Harrie Ray, Harrie5, Friend
(id=38661) Connor Jayson, Connor3, Friend
(id=38913) Jessie Owen, Jessie9, Friend
(id=39500) Elsa Adrienne, Elsa2, Friend
(id=1162) Thursa Alva, Thursa1, Friend
(id=1369) Almira Elza, Almira1, Friend
(id=1386) Brian Polly, Brian1, Friend
(id=1748) Cristopher Dylan, Cristopher1, Friend
(id=1769) Clifford Cornelia, Clifford1, Friend
(id=1985) Peggy Judah, Peggy1, Friend
(id=2051) Kittie Jimmy, Kittie1, Friend
(id=2220) Alcie Chaim, Alcie1, Friend
(id=2837) Sam Lottie, Sam1, Friend
(id=2963) Alyce Christina, Alyce1, Friend
(id=5180) Berry Dessie, Berry1, Friend
(id=5368) Rowan Ottilia, Rowan3, Friend
(id=5392) Sarai Pat, Sarai3, Friend
(id=5845) Brennan Claud, Brennan1, Friend
(id=5998) Clare Melissa, Clare1, Friend
(id=6025) Destiny Raphael, Destiny1, Friend
(id=6851) Rolando Braiden, Rolando1, Friend
(id=6962) Kathleen Elvie, Kathleen1, Friend
(id=7023) Alma Charlie, Alma3, Friend
(id=7409) Ashley Guadalupe, Ashley2, Friend
(id=7419) Cristopher Mena, Cristopher3, Friend
(id=7955) Don Lea, Don2, Friend
(id=8211) Hartley Lona, Hartley1, Friend
(id=9364) Marissa Neppie, Marissa2, Friend
(id=9595) Bella Lainey, Bella4, Friend
(id=9815) Indiana Devonte, Indiana2, Friend
(id=10137) Desiree Pleasant, Desiree1, Friend
(id=10344) Desiree Media, Desiree2, Friend
(id=10899) Desiree Jesus, Desiree3, Friend
(id=11860) Malik Angel, Malik1, Friend
(id=13463) Lamar Ramon, Lamar3, Friend
(id=13666) Coleman Georgiana, Coleman2, Friend
(id=14839) Leitha Kaliyah, Leitha1, Friend
(id=15177) Kaylee Lydia, Kaylee1, Friend
(id=15275) Pablo Millard, Pablo4, Friend
(id=16546) Edward Rowan, Edward2, Friend
(id=16708) Joseph Cornelius, Joseph6, Friend
(id=17064) Gael Mattie, Gael3, Friend
(id=17583) Sydnee Celine, Sydnee2, Friend
(id=17611) Kaeden Katarina, Kaeden2, Friend
(id=17761) Celina Saige, Celina4, Friend
(id=17984) Birdie Coby, Birdie1, Friend
(id=19864) Hessie Karlee, Hessie3, Friend
(id=19935) Eldridge Author, Eldridge3, Friend
(id=20269) Percy Casey, Percy3, Friend
(id=20624) Harley Fannie, Harley4, Friend
(id=21040) Ollie Kailyn, Ollie5, Friend
(id=21689) Stephany Giovanni, Stephany2, Friend
(id=23152) Deliah Eve, Deliah2, Friend
(id=23889) Roland Karl, Roland6, Friend
(id=24168) Ryan Annie, Ryan2, Friend
(id=24644) Kierra Nellie, Kierra4, Friend
(id=24710) Noble Kaeden, Noble3, Friend
(id=25657) Edson Quintin, Edson3, Friend
(id=25948) West Kaylyn, West3, Friend
(id=26619) Cohen Dolphus, Cohen3, Friend
(id=27600) Dovie Muriel, Dovie4, Friend
(id=27796) Marilla Holly, Marilla2, Friend
(id=28013) Anaya Seth, Anaya2, Friend
(id=29264) Malvina Belen, Malvina3, Friend
(id=29295) Guillermo Lidie, Guillermo3, Friend
(id=29407) Catharine Georgie, Catharine2, Friend
(id=30301) Maci Aryan, Maci3, Friend
(id=30685) Alejandra Lafe, Alejandra1, Friend
(id=30918) Hana Matt, Hana2, Friend
(id=31314) Budd Winfield, Budd3, Friend
(id=31455) Leone Levi, Leone2, Friend
(id=32008) Melville Buford, Melville3, Friend
(id=33535) Lou Arie, Lou7, Friend
(id=33699) Hervey Ray, Hervey4, Friend
(id=33946) Delaney Stanley, Delaney1, Friend
(id=34950) Kelvin Clarence, Kelvin4, Friend
(id=35136) Williams Porter, Williams4, Friend
(id=35977) Myrtle Mattie, Myrtle2, Friend
(id=36510) Lacy Taryn, Lacy8, Friend
(id=37471) Mireya Eduardo, Mireya2, Friend
(id=37474) Erna Naima, Erna3, Friend
(id=38251) Katharine Cleora, Katharine8, Friend
(id=38454) Wong Roderick, Wong3, Friend
(id=38525) Vida Jonah, Vida5, Friend
(id=39427) Imogene Dawson, Imogene3, Friend
(id=39580) Verona Francisco, Verona2, Friend
(id=140) Hector Lorene, Hector1, Friend
(id=896) Edd Thurman, Edd1, Friend
(id=958) Orlando Hepburn, Orlando1, Friend
(id=1296) Nolie Mikalah, Nolie1, Friend
(id=1504) John Clifford, John1, Friend
(id=1685) Ocie Melvin, Ocie1, Friend
(id=2686) Reese Soren, Reese3, Friend
(id=2968) Taylor Kara, Taylor1, Friend
(id=2970) Valery Emilie, Valery2, Friend
(id=3124) Brandi Junior, Brandi1, Friend
(id=3726) Iris Rosia, Iris2, Friend
(id=4888) Myrtie Marcus, Myrtie1, Friend
(id=5328) Ricky Clem, Ricky1, Friend
(id=6501) Manuela Charles, Manuela2, Friend
(id=6651) Dovie Allen, Dovie1, Friend
(id=7494) Axel Thurman, Axel2, Friend
(id=7632) Margie Cristina, Margie1, Friend
(id=7676) Dean Isaac, Dean1, Friend
(id=7739) Guadalupe Kayley, Guadalupe2, Friend
(id=7780) Hallie Mandy, Hallie2, Friend
(id=7786) Melissa Karissa, Melissa4, Friend
(id=8142) Pinkie Prince, Pinkie2, Friend
(id=9335) Alicia Ashton, Alicia2, Friend
(id=9549) Alejandro Damion, Alejandro1, Friend
(id=9961) Sofia Palmer, Sofia1, Friend
(id=9963) Kaeden Joel, Kaeden1, Friend
(id=10230) Zara Liberty, Zara2, Friend
(id=10260) Carlee Boston, Carlee1, Friend
(id=10318) Abigale Stanford, Abigale1, Friend
(id=10775) Webb Jaida, Webb1, Friend
(id=11090) Alvia Bernie, Alvia5, Friend
(id=11149) Kelvin Fabiola, Kelvin1, Friend
(id=11550) Michael Hattie, Michael1, Friend
(id=12121) Lilla Marcellus, Lilla1, Friend
(id=13373) Perla Erie, Perla1, Friend
(id=13979) Demarion Rennie, Demarion2, Friend
(id=14124) Arleth Egbert, Arleth5, Friend
(id=14333) Jada Charlotte, Jada1, Friend
(id=14610) Jair Darnell, Jair2, Friend
(id=15448) Carlotta Erna, Carlotta2, Friend
(id=16298) Kiara Madisyn, Kiara2, Friend
(id=16823) Tabitha Houston, Tabitha3, Friend
(id=16983) Nestor Elmira, Nestor4, Friend
(id=17335) Ezequiel Burt, Ezequiel1, Friend
(id=17692) Luis Celeste, Luis4, Friend
(id=17824) Julian Corrine, Julian1, Friend
(id=18752) Tennessee David, Tennessee2, Friend
(id=19986) Mitchell Commodore, Mitchell6, Friend
(id=20048) Willian Maud, Willian2, Friend
(id=21546) Lorene Soren, Lorene4, Friend
(id=21728) Leitha Erma, Leitha2, Friend
(id=21810) Angelina Ivah, Angelina2, Friend
(id=21922) Deshawn Amanda, Deshawn2, Friend
(id=23870) Philomena Isabelle, Philomena1, Friend
(id=24535) Evalena Billy, Evalena2, Friend
(id=24686) Keyon Teagan, Keyon1, Friend
(id=24928) Ryann Amaya, Ryann4, Friend
(id=24933) Clyde Ellis, Clyde5, Friend
(id=25428) Kaydence Natalie, Kaydence1, Friend
(id=25921) Arnav Fanny, Arnav1, Friend
(id=26700) Jase Devyn, Jase2, Friend
(id=27125) Joy Thursa, Joy4, Friend
(id=27132) Selena Ada, Selena8, Friend
(id=27552) Doss Gerald, Doss5, Friend
(id=28492) Harry Johnpaul, Harry3, Friend
(id=29068) Aiden Kaitlin, Aiden1, Friend
(id=29381) Jaylin Zander, Jaylin4, Friend
(id=29956) Gustave Lynn, Gustave2, Friend
(id=30419) Nathaniel Leroy, Nathaniel3, Friend
(id=31330) Haven Mal, Haven3, Friend
(id=31646) Maximus Rosa, Maximus3, Friend
(id=32161) Fay Roena, Fay6, Friend
(id=32699) Brea Andres, Brea4, Friend
(id=33543) Ahmad Fate, Ahmad3, Friend
(id=33775) Ella Issac, Ella5, Friend
(id=34502) Winnifred Carra, Winnifred3, Friend
(id=34850) Metta Giana, Metta2, Friend
(id=35989) Bertram Carlee, Bertram4, Friend
(id=36292) Giana Louise, Giana5, Friend
(id=37851) Birtie Celia, Birtie2, Friend
(id=38177) Asa Kenneth, Asa5, Friend
(id=39138) Hessie Slipper, Hessie5, Friend
(id=39442) Retta Shelton, Retta5, Friend
(id=39542) Hugo Enzo, Hugo6, Friend
(id=39653) Jake Ashanti, Jake5, Friend
(id=39658) Andy Leana, Andy10, Friend
(id=12) Mckenna Theodore, Mckenna1, Friend
(id=67) Carl Manuel, Carl1, Friend
(id=279) Alessandro Hardy, Alessandro1, Friend
(id=1502) Nolie Paris, Nolie2, Friend
(id=1837) Malachi Natalee, Malachi2, Friend
(id=2046) Leila Orley, Leila1, Friend
(id=2107) Ari Fernando, Ari1, Friend
(id=2636) George Ryan, George1, Friend
(id=3213) Camryn Juliet, Camryn1, Friend
(id=3841) Linnie Cora, Linnie1, Friend
(id=4071) Cornelius Hope, Cornelius1, Friend
(id=4161) Kristin Frida, Kristin2, Friend
(id=6311) Burl Jamar, Burl1, Friend
(id=6348) Jewel Tomas, Jewel4, Friend
(id=6402) Christina Liberty, Christina1, Friend
(id=6699) Doss Ivah, Doss2, Friend
(id=6722) Natalee Doshia, Natalee1, Friend
(id=6959) Douglas Jamarion, Douglas2, Friend
(id=7528) Cecile Kathy, Cecile1, Friend
(id=7772) Kassandra Eleonora, Kassandra1, Friend
(id=9008) Itzel Yesenia, Itzel3, Friend
(id=9206) Teresa Sol, Teresa1, Friend
(id=10027) Randall Uriel, Randall3, Friend
(id=10541) Josephine Cassandra, Josephine3, Friend
(id=11012) Amie Tabitha, Amie2, Friend
(id=11832) Carroll Aimee, Carroll3, Friend
(id=12835) Cornelius Abigayle, Cornelius3, Friend
(id=14367) Elliot Lilianna, Elliot3, Friend
(id=14977) Noah Napoleon, Noah4, Friend
(id=15042) Odelia Emmer, Odelia2, Friend
(id=15109) Rolla Sterling, Rolla3, Friend
(id=16243) Elisabeth Sydney, Elisabeth2, Friend
(id=16405) Phoenix Baby, Phoenix2, Friend
(id=17090) Alisa Orlando, Alisa1, Friend
(id=17724) Glenn Cathrine, Glenn5, Friend
(id=18642) Sage Hattie, Sage3, Friend
(id=20001) Robert Courtney, Robert6, Friend
(id=20132) Wylie Tyler, Wylie2, Friend
(id=20487) Jewel Julie, Jewel5, Friend
(id=20515) Hudson Zona, Hudson2, Friend
(id=21404) Monica Jamie, Monica3, Friend
(id=21804) Sabrina Peter, Sabrina3, Friend
(id=22042) Luka Dillard, Luka4, Friend
(id=22187) Grant Zander, Grant6, Friend
(id=23340) Delina Lem, Delina2, Friend
(id=25085) Malcolm Ardella, Malcolm4, Friend
(id=25655) Katharine Justice, Katharine5, Friend
(id=26365) Destini Lou, Destini4, Friend
(id=26430) Morgan Camren, Morgan5, Friend
(id=27161) Nya Drew, Nya3, Friend
(id=27651) Skye Justus, Skye4, Friend
(id=27780) Albion Fidelia, Albion4, Friend
(id=27808) Shayla Kendall, Shayla2, Friend
(id=29018) Albina Kayla, Albina2, Friend
(id=30047) Eligah Hardie, Eligah2, Friend
(id=30190) Lutie Jovanni, Lutie3, Friend
(id=31095) Matt Geneva, Matt3, Friend
(id=32312) Ethel German, Ethel6, Friend
(id=34024) Richard Minor, Richard5, Friend
(id=35458) Celesta Wilford, Celesta2, Friend
(id=37088) Denzel Keith, Denzel5, Friend
(id=37965) Alejandro Edie, Alejandro5, Friend
(id=38048) Dee Kailyn, Dee3, Friend
(id=38869) Lucas Kayden, Lucas1, Friend
(id=39235) Aron Allison, Aron7, Friend
(id=39498) Kitty Pearle, Kitty6, Friend
(id=526) Luke Charity, Luke1, Friend
(id=1074) Tate Alyce, Tate1, Friend
(id=1850) Leonardo June, Leonardo1, Friend
(id=2214) Gabriel Golden, Gabriel1, Friend
(id=2479) Icy Xiomara, Icy1, Friend
(id=2827) Olivia Steven, Olivia1, Friend
(id=3200) Grant Lavern, Grant1, Friend
(id=3402) Jordy Christiana, Jordy2, Friend
(id=3995) Iyanna Dana, Iyanna2, Friend
(id=4460) Genesis Alba, Genesis1, Friend
(id=4551) Sophie Jeanne, Sophie4, Friend
(id=6262) Harriett Henry, Harriett2, Friend
(id=7356) Brenda Kelly, Brenda1, Friend
(id=7497) Idell Kinsey, Idell1, Friend
(id=7877) Landen Venie, Landen1, Friend
(id=7958) James Ellie, James5, Friend
(id=8766) Tyra Andrew, Tyra1, Friend
(id=8927) Hunter Asher, Hunter2, Friend
(id=9863) Jacey Eva, Jacey1, Friend
(id=9923) Huey Turner, Huey2, Friend
(id=10003) Devan Catherine, Devan1, Friend
(id=10883) Malvina Devon, Malvina1, Friend
(id=10928) Vincent Yoselin, Vincent2, Friend
(id=11514) Makenna Fred, Makenna2, Friend
(id=12001) Haleigh Grayson, Haleigh3, Friend
(id=13327) Allen Verne, Allen2, Friend
(id=13687) Chauncey Milton, Chauncey2, Friend
(id=13945) Sarahi Steven, Sarahi1, Friend
(id=13977) Cara Ephriam, Cara3, Friend
(id=16504) Jermaine Garret, Jermaine2, Friend
(id=16825) Augustus Joella, Augustus2, Friend
(id=17433) Kenna Jose, Kenna3, Friend
(id=17853) Nash Wheeler, Nash1, Friend
(id=17900) Cyrus Vern, Cyrus2, Friend
(id=18176) Arthur Oliver, Arthur7, Friend
(id=18353) Jana Greta, Jana2, Friend
(id=19632) Bulah Homer, Bulah2, Friend
(id=19797) Joella Ethel, Joella2, Friend
(id=19888) Nelson Virginia, Nelson3, Friend
(id=20259) Alla Arlene, Alla3, Friend
(id=20395) Katherine Andres, Katherine1, Friend
(id=20621) Elbert Guadalupe, Elbert2, Friend
(id=20650) Silas Burl, Silas2, Friend
(id=21213) Stephanie Harrison, Stephanie1, Friend
(id=21402) Ahmed Dee, Ahmed1, Friend
(id=21565) Talia Arlington, Talia3, Friend
(id=21859) Macie Stella, Macie1, Friend
(id=22992) Reagan Jess, Reagan1, Friend
(id=23348) Dana Cruz, Dana8, Friend
(id=23351) Clarke Zane, Clarke1, Friend
(id=23393) Amaya Junius, Amaya3, Friend
(id=23738) Dallas Lorelei, Dallas5, Friend
(id=23934) Simon Maya, Simon3, Friend
(id=25448) Park Jules, Park2, Friend
(id=25886) Zelda Porter, Zelda6, Friend
(id=26578) Cadence Prudence, Cadence2, Friend
(id=26718) Kiley Ida, Kiley2, Friend
(id=27398) Kaia Harman, Kaia1, Friend
(id=28132) Elaine Joy, Elaine7, Friend
(id=28378) Mal Abraham, Mal2, Friend
(id=28970) Delila Jovani, Delila5, Friend
(id=29113) Ina Rodrigo, Ina2, Friend
(id=29168) Tomas Emilie, Tomas4, Friend
(id=29704) Cortez Kathleen, Cortez1, Friend
(id=29806) Ludwig Clara, Ludwig2, Friend
(id=29885) Ciera Gretchen, Ciera1, Friend
(id=30050) Jalyn Sandy, Jalyn3, Friend
(id=30073) Kristen Camila, Kristen3, Friend
(id=30796) Wilson Catharine, Wilson3, Friend
(id=34050) Abner Casey, Abner5, Friend
(id=34170) Viviana Darius, Viviana1, Friend
(id=34210) Lawson Verona, Lawson4, Friend
(id=34613) Lafayette Shamar, Lafayette3, Friend
(id=36143) Nico Khloe, Nico2, Friend
(id=36594) Chloe Ephriam, Chloe2, Friend
(id=37680) Clement Coleman, Clement5, Friend
(id=38026) Mervin Kimora, Mervin4, Friend
(id=38419) Merton Kasey, Merton4, Friend
(id=38551) Tiara Leroy, Tiara5, Friend
(id=38891) Jenny Bettie, Jenny8, Friend
(id=38952) Mateo Katie, Mateo3, Friend
(id=39314) Zain Roxanna, Zain3, Friend
(id=4) Karis Christ, Karis1, Friend
(id=698) Lola Malinda, Lola1, Friend
(id=792) Corinne Mandy, Corinne1, Friend
(id=2470) Dan Jamarion, Dan1, Friend
(id=2897) Oma Loyd, Oma1, Friend
(id=2986) Flem Genevieve, Flem1, Friend
(id=3807) Josie Shyann, Josie2, Friend
(id=4844) Leatha Cody, Leatha2, Friend
(id=5022) August Van, August1, Friend
(id=6597) Elick Isham, Elick1, Friend
(id=6924) Alma Osie, Alma2, Friend
(id=7757) Kole Gunner, Kole1, Friend
(id=8013) Tommie Madeline, Tommie2, Friend
(id=8140) Payton Adeline, Payton3, Friend
(id=8319) Lamar Orval, Lamar2, Friend
(id=9019) Dexter Dylan, Dexter3, Friend
(id=9701) Kylan Isabel, Kylan2, Friend
(id=10236) Camryn Gideon, Camryn2, Friend
(id=10410) Katharine Kyla, Katharine3, Friend
(id=10660) Dovie Octavio, Dovie2, Friend
(id=11116) Fernando Ona, Fernando1, Friend
(id=11292) Jaylee August, Jaylee1, Friend
(id=11587) Linda Phillip, Linda4, Friend
(id=12105) Delphine Art, Delphine1, Friend
(id=12982) Anderson Leslie, Anderson2, Friend
(id=13003) Jesus Marjorie, Jesus3, Friend
(id=13925) Wendy Sabina, Wendy1, Friend
(id=14001) Howard Jadon, Howard2, Friend
(id=14036) Kasandra McClenny, Kasandra1, Friend
(id=14885) Miah Miriam, Miah4, Friend
(id=15406) Alisha Kira, Alisha1, Friend
(id=16807) Doctor Leitha, Doctor3, Friend
(id=17149) Electa Cierra, Electa3, Friend
(id=17717) Quinton Lucretia, Quinton1, Friend
(id=18419) Gisselle Bennett, Gisselle2, Friend
(id=19090) Lily Fronnie, Lily5, Friend
(id=19301) David Aileen, David5, Friend
(id=19590) Alys Eli, Alys1, Friend
(id=19729) Ahmad Phebe, Ahmad2, Friend
(id=20714) Tillie Eleonora, Tillie1, Friend
(id=20785) Saul Lottie, Saul1, Friend
(id=21770) Jarrett Leana, Jarrett4, Friend
(id=22612) Besse Doshie, Besse1, Friend
(id=24302) Anastasia Virginia, Anastasia3, Friend
(id=24407) Christiana Halsey, Christiana4, Friend
(id=24430) Magdalena Rebecca, Magdalena3, Friend
(id=25534) Brea Kailyn, Brea3, Friend
(id=26659) Hallie Makena, Hallie7, Friend
(id=27096) Johnnie Ione, Johnnie3, Friend
(id=27257) Elissa Graham, Elissa3, Friend
(id=27951) Percival Deborah, Percival2, Friend
(id=28197) Orson Zackary, Orson2, Friend
(id=28354) Ara Bailee, Ara5, Friend
(id=29198) Ristollia Sammy, Ristollia5, Friend
(id=30161) Harve Omar, Harve1, Friend
(id=30298) Gaige Benito, Gaige2, Friend
(id=30330) Madison Manford, Madison4, Friend
(id=30443) Peyton Olivia, Peyton4, Friend
(id=30878) Nettie Green, Nettie5, Friend
(id=31577) Samuel Elizabeth, Samuel3, Friend
(id=31757) Harley Dominique, Harley6, Friend
(id=31782) Honora Cloe, Honora6, Friend
(id=31933) Tiara Gonzalo, Tiara2, Friend
(id=32956) Hope Waylon, Hope7, Friend
(id=33109) Simon Issac, Simon5, Friend
(id=33264) Clarence Brooklynn, Clarence5, Friend
(id=33266) Kaitlyn Agatha, Kaitlyn3, Friend
(id=33878) Deborah Noel, Deborah6, Friend
(id=34328) Maurice Lina, Maurice6, Friend
(id=34414) Austen Ottilia, Austen2, Friend
(id=34773) Clyde Clarinda, Clyde7, Friend
(id=34893) Rosia Israel, Rosia2, Friend
(id=35500) Elder Flem, Elder3, Friend
(id=35609) Alex Alexis, Alex6, Friend
(id=36091) Mandy Itzel, Mandy4, Friend
(id=36357) Leonora Danial, Leonora4, Friend
(id=36435) Lance Patience, Lance1, Friend
(id=36644) Lois Everett, Lois5, Friend
(id=36648) Billy Harry, Billy7, Friend
(id=37385) Titus Jairo, Titus4, Friend
(id=37617) Ettie Eleonora, Ettie2, Friend
(id=37655) Makenna Ashton, Makenna3, Friend
(id=38656) Marlee Aubrie, Marlee2, Friend
(id=39208) Stockar Fidelia, Stockar3, Friend
(id=39340) Abbott Brianna, Abbott4, Friend
(id=511) Irving Cleo, Irving1, Friend
(id=575) Daniela Adriana, Daniela1, Friend
(id=701) Davis Alma, Davis1, Friend
(id=1618) Amiyah Huston, Amiyah1, Friend
(id=1633) Marlon Artie, Marlon1, Friend
(id=1958) Jazmin Jaxon, Jazmin1, Friend
(id=2458) Faye Wm, Faye2, Friend
(id=3253) Janessa Dillan, Janessa1, Friend
(id=3419) Sophie Reid, Sophie3, Friend
(id=4005) Nan Celia, Nan1, Friend
(id=5351) Parker Eulalia, Parker2, Friend
(id=5539) Declan Georgie, Declan1, Friend
(id=5664) Tanner Charlize, Tanner1, Friend
(id=5939) Joaquin Claud, Joaquin2, Friend
(id=6789) Esperanza Mike, Esperanza2, Friend
(id=8225) Elvina Marilla, Elvina6, Friend
(id=9236) Forest Clayton, Forest3, Friend
(id=9573) Marlee Clifford, Marlee1, Friend
(id=9590) Madisyn Benjamin, Madisyn1, Friend
(id=9875) Juliet Jacoby, Juliet2, Friend
(id=10018) Noble Kaia, Noble2, Friend
(id=10050) Kathy Simeon, Kathy2, Friend
(id=10564) Cleo Cyrus, Cleo2, Friend
(id=11141) Isabell Kolby, Isabell3, Friend
(id=11631) Geraldine Daisy, Geraldine1, Friend
(id=11670) Jessie Jarrett, Jessie4, Friend
(id=12818) Elissa Kathleen, Elissa1, Friend
(id=13403) Salma Lucien, Salma1, Friend
(id=13473) Jaylen Ruby, Jaylen4, Friend
(id=13820) Augusta Salomon, Augusta3, Friend
(id=14395) Chauncey River, Chauncey3, Friend
(id=14427) Claudia Cyrus, Claudia2, Friend
(id=14936) Duff Harvey, Duff6, Friend
(id=15292) Erik Willian, Erik1, Friend
(id=15420) Betsy Meredith, Betsy2, Friend
(id=15692) Ashley Icy, Ashley4, Friend
(id=16142) Amber Genie, Amber4, Friend
(id=16321) Zelda Abraham, Zelda4, Friend
(id=16518) Leila Merton, Leila4, Friend
(id=17887) Reyna Emmalee, Reyna1, Friend
(id=17979) Jayla Birtie, Jayla2, Friend
(id=18289) Jenifer Myah, Jenifer2, Friend
(id=19203) Rennie Park, Rennie2, Friend
(id=19273) Jazmine Wheeler, Jazmine2, Friend
(id=19554) Titus Bella, Titus2, Friend
(id=20128) Johnny Jaylyn, Johnny2, Friend
(id=20158) Joe Wilhelmine, Joe7, Friend
(id=20248) Bert Phillip, Bert2, Friend
(id=20446) Percy Melvina, Percy4, Friend
(id=20767) Herbert Ulises, Herbert1, Friend
(id=22054) Hortense Lizzie, Hortense3, Friend
(id=22787) Jayson Angelina, Jayson2, Friend
(id=22847) Isabel Sue, Isabel8, Friend
(id=23001) Jayson Jalyn, Jayson3, Friend
(id=23211) Honora Danica, Honora5, Friend
(id=23998) Kaitlynn Bailee, Kaitlynn3, Friend
(id=24754) Zelda Lucia, Zelda5, Friend
(id=25907) Diya Rodrigo, Diya3, Friend
(id=26824) Florance Allan, Florance4, Friend
(id=27415) Montserrat Mary, Montserrat3, Friend
(id=28176) Edward Jessie, Edward4, Friend
(id=28391) Melina Alena, Melina2, Friend
(id=28754) Evaline Patience, Evaline4, Friend
(id=28764) Hedwig Meta, Hedwig1, Friend
(id=29121) Amy Sannie, Amy2, Friend
(id=29274) Shea Miranda, Shea8, Friend
(id=29478) Gretchen Belen, Gretchen2, Friend
(id=29699) Yee Deanna, Yee3, Friend
(id=31164) Lila Philip, Lila8, Friend
(id=31322) Shyann Allyson, Shyann1, Friend
(id=31354) Arizona Micah, Arizona2, Friend
(id=31984) Beryl Estella, Beryl2, Friend
(id=32361) Eliza Angeline, Eliza8, Friend
(id=32794) Bryson Julie, Bryson3, Friend
(id=33211) Retta Veronica, Retta3, Friend
(id=33395) Taylor Jovani, Taylor7, Friend
(id=33435) Grace Nona, Grace11, Friend
(id=33541) Nina Destinee, Nina5, Friend
(id=33696) Kenna Augusta, Kenna4, Friend
(id=33705) Anthony Lucy, Anthony5, Friend
(id=33954) Aydin Neva, Aydin2, Friend
(id=34808) Daniel Cassie, Daniel6, Friend
(id=35081) Ennis Keenan, Ennis3, Friend
(id=35087) Addyson Stella, Addyson4, Friend
(id=35101) Kathy Antoinette, Kathy6, Friend
(id=35578) Wade Arthur, Wade8, Friend
(id=35679) Cali Asher, Cali2, Friend
(id=36004) Devyn Gustaf, Devyn5, Friend
(id=36119) Zane Camille, Zane5, Friend
(id=38270) Pink Kallie, Pink4, Friend
(id=38369) Jaron Velma, Jaron3, Friend
(id=38404) Jake Evelyn, Jake3, Friend
(id=38726) Patakin Eliga, Patakin3, Friend
(id=38894) Rose Noe, Rose5, Friend
(id=557) Manuela Kathleen, Manuela1, Friend
(id=593) Brice Weaver, Brice1, Friend
(id=979) Kennedy Ivah, Kennedy1, Friend
(id=1690) Hugo Jarrett, Hugo2, Friend
(id=2584) Reese Tristan, Reese2, Friend
(id=3154) Ashanti Alaina, Ashanti1, Friend
(id=3306) Annetta Cayla, Annetta1, Friend
(id=3313) Tobias Shayna, Tobias2, Friend
(id=3592) Antoine Benjamin, Antoine1, Friend
(id=4144) Ole Korey, Ole2, Friend
(id=5054) Giselle Madisyn, Giselle1, Friend
(id=5090) Josef Shelby, Josef1, Friend
(id=5692) Aaron Budd, Aaron2, Friend
(id=6351) Aidan Charlie, Aidan2, Friend
(id=6441) Felicity Victoria, Felicity1, Friend
(id=7481) Scott Ingrid, Scott2, Friend
(id=9204) Russell Dominique, Russell2, Friend
(id=10292) Malcolm Burr, Malcolm2, Friend
(id=11043) Sammie Emma, Sammie3, Friend
(id=12094) Reese Dario, Reese7, Friend
(id=12417) Wade Hillary, Wade2, Friend
(id=12782) Janet Jake, Janet3, Friend
(id=13123) Almeda Bernadette, Almeda1, Friend
(id=14657) Janae Rigoberto, Janae2, Friend
(id=14843) Mignon Eva, Mignon3, Friend
(id=15324) Felicia Angelo, Felicia1, Friend
(id=15956) Tamara Baby, Tamara1, Friend
(id=16215) Elige Carlos, Elige1, Friend
(id=16359) Tristian Columbus, Tristian2, Friend
(id=16774) Ocie Freeman, Ocie2, Friend
(id=17325) Enrique Ernie, Enrique2, Friend
(id=17921) Clement Oral, Clement2, Friend
(id=18631) Sumner Jakob, Sumner2, Friend
(id=18767) Clifford Al, Clifford3, Friend
(id=19378) Andy Mazie, Andy8, Friend
(id=19663) Dona Jack, Dona2, Friend
(id=20761) Tracy Alicia, Tracy1, Friend
(id=20899) Carter Beulah, Carter1, Friend
(id=21079) Gauge Miranda, Gauge1, Friend
(id=21184) Jenifer Matias, Jenifer3, Friend
(id=21942) Bailey Bruce, Bailey10, Friend
(id=22052) Meadow Sandy, Meadow1, Friend
(id=23298) Deliah Miya, Deliah3, Friend
(id=23877) Francesca Deandre, Francesca4, Friend
(id=23986) Matt Addison, Matt2, Friend
(id=25022) Anjali Edson, Anjali2, Friend
(id=25055) Zachary Allen, Zachary5, Friend
(id=25480) Nelson Spencer, Nelson5, Friend
(id=25937) Adam Dessie, Adam6, Friend
(id=26042) Korey Perry, Korey3, Friend
(id=27044) Margaret Maud, Margaret4, Friend
(id=28260) Jerome Thomas, Jerome3, Friend
(id=28349) Jordon Brent, Jordon2, Friend
(id=28541) Elwood Carina, Elwood2, Friend
(id=29662) Buford Michael, Buford1, Friend
(id=30311) Dustin Cherry, Dustin4, Friend
(id=30596) Carra Mateo, Carra8, Friend
(id=30637) Janae Marisol, Janae4, Friend
(id=31292) Dovie Lilly, Dovie5, Friend
(id=31969) Elmina Brenton, Elmina3, Friend
(id=32443) Omer Royce, Omer3, Friend
(id=33132) Isadora Emma, Isadora3, Friend
(id=33325) Jalynn Victor, Jalynn4, Friend
(id=34095) Dean Tomas, Dean9, Friend
(id=35169) Kiley Nora, Kiley5, Friend
(id=35351) Peyton Wiley, Peyton6, Friend
(id=35453) Asia Carol, Asia6, Friend
(id=35574) Kaci Mary, Kaci2, Friend
(id=35757) Galilea Ossie, Galilea3, Friend
(id=36316) Coleman Alvena, Coleman9, Friend
(id=36596) Hazel Alphonse, Hazel6, Friend
(id=36868) Billie Ronaldo, Billie3, Friend
(id=36997) Loma Lavenia, Loma2, Friend
(id=37370) Percival Cassius, Percival3, Friend
(id=37744) Tucker Davin, Tucker2, Friend
(id=38861) Grant Mathias, Grant8, Friend
(id=39084) Dave Thea, Dave8, Friend
(id=39297) Joy Elena, Joy7, Friend
(id=39302) Anastasia Reilly, Anastasia5, Friend
(id=10) Kelton Luther, Kelton1, Friend
(id=186) Cayla Joe, Cayla1, Friend
(id=714) Magdalene Lucian, Magdalene1, Friend
(id=824) Shade Merle, Shade1, Friend
(id=1413) Jaylon Myra, Jaylon1, Friend
(id=1589) Melvin Napoleon, Melvin1, Friend
(id=1701) Chelsea Vincent, Chelsea1, Friend
(id=1713) Shelton Jocelyn, Shelton1, Friend
(id=1760) Jaliyah Cathrine, Jaliyah1, Friend
(id=2059) Alexander Alpha, Alexander1, Friend
(id=2439) Ira Kaylen, Ira1, Friend
(id=2779) Emily Osa, Emily1, Friend
(id=2864) Antonio Ossie, Antonio1, Friend
(id=3868) Santiago Sydnee, Santiago2, Friend
(id=3969) Lillian Delina, Lillian1, Friend
(id=4168) Duff Aryanna, Duff3, Friend
(id=4527) Estrella Aliza, Estrella1, Friend
(id=5176) Ibrahim Dove, Ibrahim1, Friend
(id=7029) Elijah Destiney, Elijah2, Friend
(id=7719) Melissa Sudie, Melissa3, Friend
(id=7862) Drucilla Charlottie, Drucilla3, Friend
(id=7953) Selina Braeden, Selina2, Friend
(id=9467) Rolland Kenny, Rolland2, Friend
(id=9740) Aleena Evert, Aleena2, Friend
(id=11219) Tom Jabez, Tom3, Friend
(id=11427) Zane Sara, Zane2, Friend
(id=11478) Art Parker, Art2, Friend
(id=11854) Kayleigh Vivian, Kayleigh2, Friend
(id=12753) Kate Jewell, Kate4, Friend
(id=13770) Haven Noel, Haven2, Friend
(id=14021) Ristollia Elisha, Ristollia2, Friend
(id=14138) Cornelius Grady, Cornelius4, Friend
(id=14222) Jarrett Jailyn, Jarrett1, Friend
(id=14556) Tia Alice, Tia2, Friend
(id=14825) Harold Ola, Harold2, Friend
(id=14849) Grant Sim, Grant5, Friend
(id=15659) Sylvia Roscoe, Sylvia3, Friend
(id=15719) Nina Agustin, Nina2, Friend
(id=16112) Mortimer Paulina, Mortimer2, Friend
(id=16894) Jeffery Merritt, Jeffery1, Friend
(id=17068) Michelle Shelby, Michelle1, Friend
(id=17381) Annabella Madie, Annabella1, Friend
(id=18246) Leland Audrey, Leland2, Friend
(id=18433) Elisha Lauretta, Elisha2, Friend
(id=18461) Harman Merritt, Harman3, Friend
(id=18913) Kaleb Cooper, Kaleb1, Friend
(id=19926) Travon Hulda, Travon1, Friend
(id=19981) Gianni Preston, Gianni1, Friend
(id=21962) Gabriella Evelyn, Gabriella2, Friend
(id=22503) Hoy Joel, Hoy3, Friend
(id=22752) Mathew Hilma, Mathew7, Friend
(id=23049) Eber Camryn, Eber1, Friend
(id=25440) Alex Mary, Alex5, Friend
(id=25928) Alva Seth, Alva6, Friend
(id=26491) Abdullah Cordella, Abdullah2, Friend
(id=26933) Dennis Junious, Dennis2, Friend
(id=27034) Bruno Alcide, Bruno5, Friend
(id=27394) Mercedes Belle, Mercedes1, Friend
(id=28691) Katharine Felicity, Katharine7, Friend
(id=29360) Eugene Laura, Eugene4, Friend
(id=29917) Donovan Carmine, Donovan2, Friend
(id=30696) Shawn Evans, Shawn2, Friend
(id=31736) Edward Alvie, Edward5, Friend
(id=32460) Fred Jaiden, Fred6, Friend
(id=32902) Nelia Erik, Nelia5, Friend
(id=33359) Maliyah Cinda, Maliyah2, Friend
(id=33389) Clark Jocelyn, Clark7, Friend
(id=33530) Jarrett Dove, Jarrett9, Friend
(id=34079) Evan Felipe, Evan6, Friend
(id=34187) Katarina Annie, Katarina3, Friend
(id=34257) Joel Selina, Joel5, Friend
(id=34426) Janette Itzel, Janette4, Friend
(id=34966) Kaydence Kathleen, Kaydence2, Friend
(id=35250) Norah Babe, Norah5, Friend
(id=35539) Ned Russel, Ned4, Friend
(id=36053) Lydia Watson, Lydia3, Friend
(id=37040) Leta Aloysius, Leta4, Friend
(id=37091) Halle Celina, Halle3, Friend
(id=37734) Chelsey Augustine, Chelsey1, Friend
(id=38274) Charlie Keon, Charlie14, Friend
(id=38500) Roberta Kaden, Roberta4, Friend
(id=38916) Molly Ruben, Molly6, Friend
(id=39399) Oswald Emerson, Oswald3, Friend
(id=1754) Zora Beulah, Zora1, Friend
(id=2283) Lanie Taniyah, Lanie1, Friend
(id=2413) Velma Edwin, Velma2, Friend
(id=2578) Myron Devin, Myron1, Friend
(id=3020) Sammie Nannie, Sammie1, Friend
(id=3722) Deshaun Matt, Deshaun1, Friend
(id=4393) Tyrell Seth, Tyrell2, Friend
(id=4954) Mima Emanuel, Mima1, Friend
(id=5365) Dandre Aden, Dandre2, Friend
(id=5407) Liza Milford, Liza2, Friend
(id=5526) Asher Josiah, Asher1, Friend
(id=5919) Faith Raquel, Faith1, Friend
(id=6277) Allyson Athena, Allyson1, Friend
(id=6445) Frances Rillie, Frances1, Friend
(id=7983) Michaela Nichole, Michaela2, Friend
(id=8396) Hailie Anderson, Hailie1, Friend
(id=8798) Haywood Mark, Haywood1, Friend
(id=8979) Junious Hollis, Junious1, Friend
(id=9907) Jessee Mervin, Jessee1, Friend
(id=10272) Ari Brodie, Ari4, Friend
(id=11210) Etta Tamia, Etta1, Friend
(id=11608) Lee Sumner, Lee5, Friend
(id=11765) Kanye Cathrine, Kanye1, Friend
(id=12348) Ottilie Josephine, Ottilie2, Friend
(id=13312) Wiley Otis, Wiley2, Friend
(id=13574) Landyn Lola, Landyn1, Friend
(id=13589) Kitty Antonio, Kitty1, Friend
(id=13648) Media Doctor, Media1, Friend
(id=14032) Helen Andreas, Helen3, Friend
(id=14596) Nick Sophronia, Nick3, Friend
(id=15091) Austin Arrie, Austin5, Friend
(id=15587) Marie Matthew, Marie2, Friend
(id=15705) Newton Allen, Newton3, Friend
(id=15909) Zeb Sanaa, Zeb2, Friend
(id=15990) Malakai Jacob, Malakai2, Friend
(id=17014) Emily Lenora, Emily5, Friend
(id=17167) Katarina Baylee, Katarina1, Friend
(id=17252) Faith Lilianna, Faith4, Friend
(id=18832) Fernando Glenn, Fernando3, Friend
(id=19312) Nyasia Joshua, Nyasia1, Friend
(id=20040) Red Otelia, Red4, Friend
(id=20112) Edwin Javion, Edwin3, Friend
(id=20164) Leila Kaci, Leila5, Friend
(id=20593) Maggie Adeline, Maggie3, Friend
(id=20681) Marvin Tatiana, Marvin5, Friend
(id=20741) Jaelyn Nadia, Jaelyn1, Friend
(id=20777) Golden Rhoda, Golden1, Friend
(id=21889) Hoy Webster, Hoy1, Friend
(id=22021) Terry Rayna, Terry5, Friend
(id=22075) Bess David, Bess5, Friend
(id=25083) Citlali Addison, Citlali3, Friend
(id=25260) Joe Susie, Joe8, Friend
(id=25637) Eric Denver, Eric2, Friend
(id=26176) Matias Mollie, Matias3, Friend
(id=26474) Wilson Flem, Wilson2, Friend
(id=27177) Fredrick Ayden, Fredrick6, Friend
(id=27458) Emery Bonnie, Emery5, Friend
(id=28444) Maximilian Ida, Maximilian1, Friend
(id=28551) Hayden Mercedes, Hayden6, Friend
(id=29145) Georgiana Oren, Georgiana1, Friend
(id=29508) Elaine Anjali, Elaine8, Friend
(id=29719) Jaren Melva, Jaren2, Friend
(id=30489) Harry Saniyah, Harry4, Friend
(id=30603) Maren Hana, Maren3, Friend
(id=32090) Brielle Hardie, Brielle2, Friend
(id=33439) Mathilda Bernard, Mathilda4, Friend
(id=35320) Cornelius Osborne, Cornelius12, Friend
(id=35332) Jeffrey Leonora, Jeffrey1, Friend
(id=35509) Clora Ciara, Clora4, Friend
(id=35613) Zachary Cinda, Zachary6, Friend
(id=36063) Camden Maia, Camden3, Friend
(id=36441) Olivia Alexia, Olivia5, Friend
(id=36866) Breana Demarcus, Breana5, Friend
(id=36982) Dalton Ophelia, Dalton2, Friend
(id=37539) Margaret Hence, Margaret7, Friend
(id=37704) Justin Vance, Justin4, Friend
(id=38163) Kanye Tressa, Kanye5, Friend
(id=38569) Kaia Ray, Kaia3, Friend
(id=39112) Tristian Thomas, Tristian5, Friend
(id=804) Alondra Moises, Alondra1, Friend
(id=1643) Lettie Callie, Lettie1, Friend
(id=3680) Tina Princess, Tina1, Friend
(id=4715) Benton Alvina, Benton1, Friend
(id=6772) Ali Jocelyn, Ali1, Friend
(id=6794) Kayleigh Evelina, Kayleigh1, Friend
(id=8230) Bullock Micaela, Bullock1, Friend
(id=9552) Kason Felicity, Kason1, Friend
(id=10711) Tommy Rudy, Tommy1, Friend
(id=10881) Prudence Gabriel, Prudence1, Friend
(id=11706) Jane Sophia, Jane1, Friend
(id=11992) Artie Junie, Artie2, Friend
(id=12351) Carlo Bella, Carlo1, Friend
(id=13624) Itzel Kyleigh, Itzel4, Friend
(id=14284) Lovisa Sid, Lovisa2, Friend
(id=15012) Tariq Aloysius, Tariq1, Friend
(id=15226) Ismael Stephanie, Ismael2, Friend
(id=15287) Sumner Manuel, Sumner1, Friend
(id=16258) Cecil Bryce, Cecil5, Friend
(id=17177) Todd Jesse, Todd1, Friend
(id=17958) Alec Jennette, Alec2, Friend
(id=18149) Braedon Xander, Braedon2, Friend
(id=18160) Cary Joy, Cary2, Friend
(id=18428) Dinah Jewel, Dinah3, Friend
(id=18899) Sidney Vannie, Sidney3, Friend
(id=19412) Patricia Alaina, Patricia4, Friend
(id=20589) Murray Jadon, Murray3, Friend
(id=22592) Orley Kelsie, Orley3, Friend
(id=22974) Gisselle Al, Gisselle3, Friend
(id=23744) London Una, London11, Friend
(id=23896) Rachel Rory, Rachel4, Friend
(id=24031) Rogelio Elena, Rogelio1, Friend
(id=25101) Humphrey Milford, Humphrey1, Friend
(id=25417) Travis Zain, Travis6, Friend
(id=25820) Dean Kate, Dean4, Friend
(id=27281) Davion Journey, Davion3, Friend
(id=27627) Denver Kasey, Denver3, Friend
(id=28147) Alvena Rich, Alvena1, Friend
(id=28228) Lorene Milton, Lorene5, Friend
(id=28593) Maymie Esteban, Maymie4, Friend
(id=28694) Felicity Aubrey, Felicity6, Friend
(id=28760) Shayne Jake, Shayne2, Friend
(id=28769) Dave Hardie, Dave4, Friend
(id=28796) Karli Cloe, Karli3, Friend
(id=29473) Jenny Rylie, Jenny7, Friend
(id=29960) Evans Ambrose, Evans1, Friend
(id=30474) Oran Amanda, Oran5, Friend
(id=30876) Mable Rose, Mable4, Friend
(id=30908) Charlotta Konnor, Charlotta3, Friend
(id=31007) Rachel Fernanda, Rachel5, Friend
(id=31371) Elroy Emmett, Elroy2, Friend
(id=33093) Asa Cali, Asa4, Friend
(id=33454) Ignacio Eli, Ignacio1, Friend
(id=34026) Tatianna Cannon, Tatianna2, Friend
(id=34273) Sharif Eddie, Sharif3, Friend
(id=34412) Elam Isiah, Elam2, Friend
(id=35196) Anahi Sterling, Anahi2, Friend
(id=35255) Karma Ebony, Karma1, Friend
(id=35272) Lily Esteban, Lily10, Friend
(id=35630) Clayton Olive, Clayton6, Friend
(id=35804) Kaiya Jaquan, Kaiya2, Friend
(id=35875) Iris Sarahi, Iris5, Friend
(id=36350) Liddie Fate, Liddie4, Friend
(id=36566) Author Tessa, Author3, Friend
(id=36788) Annika Johnnie, Annika3, Friend
(id=36952) Georgianna Aisha, Georgianna3, Friend
(id=37431) Alonzo Angelina, Alonzo6, Friend
(id=37666) Dixie Adonis, Dixie2, Friend
(id=37997) Wilton Linna, Wilton4, Friend
(id=38283) Ezequiel Jordy, Ezequiel2, Friend
(id=38572) Merle Harman, Merle7, Friend
(id=39045) Johnson Jaydon, Johnson1, Friend
(id=61) Wayne Yadira, Wayne1, Friend
(id=254) Cleveland Gina, Cleveland1, Friend
(id=492) Jewel Leota, Jewel1, Friend
(id=734) Faye Maddison, Faye1, Friend
(id=1300) Kathryne Shane, Kathryne2, Friend
(id=1450) Isa Chanie, Isa1, Friend
(id=3093) Ila Angelica, Ila1, Friend
(id=3411) Ashly Bertie, Ashly1, Friend
(id=3643) Taliyah Montserrat, Taliyah1, Friend
(id=4352) Mervin Maryjane, Mervin2, Friend
(id=5276) Claude Estelle, Claude2, Friend
(id=5625) Nola Gracia, Nola2, Friend
(id=7854) Devyn Mohammed, Devyn2, Friend
(id=8551) Morris Ora, Morris1, Friend
(id=8613) Antonio Carleton, Antonio3, Friend
(id=8872) Dexter Ethel, Dexter2, Friend
(id=8913) Caroline Madison, Caroline1, Friend
(id=9273) Robert Rebecca, Robert3, Friend
(id=9632) Hunter Bernice, Hunter3, Friend
(id=9987) Clark Lesley, Clark3, Friend
(id=10383) Alondra Remington, Alondra2, Friend
(id=10597) Michaela Beaty, Michaela3, Friend
(id=10848) Eve Lavenia, Eve2, Friend
(id=10855) Letha Tyler, Letha3, Friend
(id=10947) Caroline Ramiro, Caroline2, Friend
(id=11679) Logan Lilianna, Logan2, Friend
(id=12864) Gordon Frona, Gordon3, Friend
(id=13748) Lucia Myrta, Lucia1, Friend
(id=13754) Irma Aggie, Irma3, Friend
(id=14765) Lovisa Llewellyn, Lovisa3, Friend
(id=14801) Luca Lacie, Luca2, Friend
(id=14815) Tori Finnegan, Tori2, Friend
(id=14960) Robert Earl, Robert5, Friend
(id=15338) Bonnie Ciera, Bonnie5, Friend
(id=15535) Maxwell Ignacio, Maxwell4, Friend
(id=15713) Ainsley Norah, Ainsley1, Friend
(id=16078) Pablo Nataly, Pablo5, Friend
(id=16874) Irena Hailee, Irena3, Friend
(id=17276) Ora Lily, Ora2, Friend
(id=17451) Auther Alexus, Auther1, Friend
(id=17605) Amara Damaris, Amara2, Friend
(id=17964) Alex Augustine, Alex4, Friend
(id=18104) Salomon Mohamed, Salomon2, Friend
(id=18710) Ashlyn Leonie, Ashlyn4, Friend
(id=19135) Lily Priscilla, Lily6, Friend
(id=19640) Troy Marjorie, Troy3, Friend
(id=20355) Eleanor Junior, Eleanor1, Friend
(id=20368) Adriana Aryanna, Adriana3, Friend
(id=20974) Elzie Meda, Elzie1, Friend
(id=21416) Kallie Julius, Kallie3, Friend
(id=22424) Emelia Lottie, Emelia1, Friend
(id=22900) Preston Keyon, Preston1, Friend
(id=23334) Morton Tennessee, Morton2, Friend
(id=23696) Lelia Gust, Lelia4, Friend
(id=23832) Corinne Hamp, Corinne6, Friend
(id=24019) Riya Yadira, Riya3, Friend
(id=24618) Buster Camille, Buster1, Friend
(id=24638) Alma Magnolia, Alma7, Friend
(id=24809) Jessie Kirk, Jessie7, Friend
(id=25716) Kathleen Cleo, Kathleen3, Friend
(id=25851) Kendal Lena, Kendal1, Friend
(id=26163) Broderick Arely, Broderick3, Friend
(id=26512) Aria Marcelo, Aria2, Friend
(id=26843) Francis Cammie, Francis6, Friend
(id=27321) Dylan Octavia, Dylan2, Friend
(id=27584) Aurelia Eleanora, Aurelia2, Friend
(id=27865) Forest Hilliard, Forest8, Friend
(id=28219) Dominick George, Dominick5, Friend
(id=28502) Jeramiah Gianni, Jeramiah3, Friend
(id=28611) Eleonora Addison, Eleonora2, Friend
(id=28933) Keely Josephine, Keely3, Friend
(id=29463) Ean Bruno, Ean1, Friend
(id=29535) Jaylon Easton, Jaylon3, Friend
(id=29992) Tamia Shelton, Tamia4, Friend
(id=32059) Marco Ashby, Marco3, Friend
(id=32131) Victor Cara, Victor5, Friend
(id=32346) Rupert Gus, Rupert4, Friend
(id=32431) Carlton Nathan, Carlton4, Friend
(id=33537) Zoey Brooks, Zoey3, Friend
(id=33903) Charlotte Lizbeth, Charlotte3, Friend
(id=34313) Nolan Shamar, Nolan5, Friend
(id=34367) Ramon Luke, Ramon3, Friend
(id=34400) Honora Berton, Honora7, Friend
(id=34823) Charlie Catherine, Charlie11, Friend
(id=35126) Erick Martina, Erick2, Friend
(id=35274) Delos Madilyn, Delos3, Friend
(id=35901) Gordon Isham, Gordon8, Friend
(id=36138) Kaiya Celia, Kaiya3, Friend
(id=36361) Gottlieb Sean, Gottlieb2, Friend
(id=36718) Zeke Sudie, Zeke6, Friend
(id=37469) Connie Omar, Connie5, Friend
(id=38315) Jayce Hannah, Jayce2, Friend
(id=38675) Stewart Colonel, Stewart5, Friend
(id=38844) Elaina Thomas, Elaina4, Friend
(id=38920) Judson Isaak, Judson6, Friend
(id=178) Merle Terrance, Merle1, Friend
(id=243) David Elder, David1, Friend
(id=2091) Iris Honora, Iris1, Friend
(id=2170) Harrie Elisa, Harrie1, Friend
(id=2190) Devyn Lorelei, Devyn1, Friend
(id=3361) Sophie Florida, Sophie2, Friend
(id=3551) Arthur Clemie, Arthur1, Friend
(id=3851) Ruby Almyra, Ruby2, Friend
(id=4152) Naomi Sage, Naomi2, Friend
(id=4582) Llewellyn Grace, Llewellyn1, Friend
(id=5497) Harry Alcide, Harry1, Friend
(id=6164) Uriah Ivory, Uriah1, Friend
(id=6443) Olin Kobe, Olin1, Friend
(id=6862) Andy Rosia, Andy3, Friend
(id=7006) Fatima Melina, Fatima2, Friend
(id=7439) Minor Theresa, Minor1, Friend
(id=8042) Jakob Arielle, Jakob3, Friend
(id=8360) Avery Jewel, Avery3, Friend
(id=8657) Leilani Javier, Leilani1, Friend
(id=8739) Brittney Susana, Brittney3, Friend
(id=9286) Winston Juanita, Winston1, Friend
(id=9520) Simeon Frederick, Simeon1, Friend
(id=11316) Abigayle London, Abigayle1, Friend
(id=11958) Corey Corrie, Corey2, Friend
(id=12731) Hettie Retta, Hettie1, Friend
(id=13909) Tristen Nataly, Tristen1, Friend
(id=14214) Alexzander Granville, Alexzander3, Friend
(id=14409) Parthenia Christine, Parthenia1, Friend
(id=14423) Curt Eva, Curt2, Friend
(id=14493) Edgar Christ, Edgar8, Friend
(id=14640) John Tressie, John4, Friend
(id=15410) Anika Nelia, Anika2, Friend
(id=15433) Dorian Winona, Dorian3, Friend
(id=15443) Zachary George, Zachary3, Friend
(id=15757) Timothy Amanda, Timothy5, Friend
(id=16498) Michael Handy, Michael2, Friend
(id=16647) Josiah Reta, Josiah2, Friend
(id=17023) Margaretta Alfonso, Margaretta3, Friend
(id=17743) Skyler Vallie, Skyler3, Friend
(id=18555) Samara Roger, Samara2, Friend
(id=19284) Mikaela Andy, Mikaela1, Friend
(id=20090) Josephine Lona, Josephine5, Friend
(id=21022) Claud Alexia, Claud4, Friend
(id=22655) Rudolph Edson, Rudolph2, Friend
(id=22796) Katie Deon, Katie3, Friend
(id=23443) Alva Bessie, Alva5, Friend
(id=24212) Myron Hettie, Myron2, Friend
(id=24596) Dandre Mitchel, Dandre5, Friend
(id=25153) Tamara Angeline, Tamara3, Friend
(id=25863) Camren Miller, Camren2, Friend
(id=26995) Isadora Burton, Isadora2, Friend
(id=27238) Yasmine Vivian, Yasmine1, Friend
(id=27425) Wilmer Julian, Wilmer1, Friend
(id=28983) Adolfo Homer, Adolfo1, Friend
(id=29301) Jayleen Jermaine, Jayleen2, Friend
(id=29371) Madie Zelda, Madie2, Friend
(id=31246) Esperanza Lillian, Esperanza5, Friend
(id=31966) Ottis Keshawn, Ottis2, Friend
(id=32004) Hallie Stella, Hallie8, Friend
(id=32028) Josiah Georgiana, Josiah5, Friend
(id=32991) Napoleon Mallie, Napoleon3, Friend
(id=33567) Yasmine Chanie, Yasmine2, Friend
(id=33718) Ronald Lynn, Ronald2, Friend
(id=33998) Jaqueline Chin, Jaqueline2, Friend
(id=34473) Sammie Betsy, Sammie6, Friend
(id=35010) Reta Jeff, Reta3, Friend
(id=35801) Bria Flora, Bria5, Friend
(id=35913) Evan Genevieve, Evan7, Friend
(id=37123) Antonia Jett, Antonia4, Friend
(id=37364) Gary Furnier, Gary7, Friend
(id=37466) Iola Emile, Iola3, Friend
(id=37982) Arlene Kaia, Arlene4, Friend
(id=38710) Beryl Mikaela, Beryl3, Friend
(id=38784) Monique Antonia, Monique5, Friend
(id=38855) Emmanuel Alonso, Emmanuel1, Friend
(id=1337) Elzada Misael, Elzada1, Friend
(id=1402) William Alex, William1, Friend
(id=2212) Makai Geoffrey, Makai1, Friend
(id=3755) Linda Omar, Linda1, Friend
(id=4399) Joeseph Nathaniel, Joeseph2, Friend
(id=5298) Garfield Melinda, Garfield1, Friend
(id=6082) Cornelious Danika, Cornelious1, Friend
(id=6131) Collin Jordyn, Collin1, Friend
(id=6361) Amaris Rylee, Amaris1, Friend
(id=7099) Bryant Josie, Bryant1, Friend
(id=7346) Ray Teresa, Ray3, Friend
(id=7432) Viney Hope, Viney2, Friend
(id=7937) Janiya Shirley, Janiya1, Friend
(id=8215) Lona Iola, Lona1, Friend
(id=8292) Branson Moses, Branson1, Friend
(id=8631) Margaret Lana, Margaret1, Friend
(id=8947) Taryn Reyna, Taryn1, Friend
(id=9104) Evan Korey, Evan1, Friend
(id=9371) Morgan Leslie, Morgan3, Friend
(id=9717) Adonis Leila, Adonis2, Friend
(id=9762) Stanley Lindsey, Stanley2, Friend
(id=10297) Winona Georgia, Winona2, Friend
(id=10813) Gordon Clyda, Gordon2, Friend
(id=10965) Faith Mayme, Faith3, Friend
(id=11136) Theodora Jessie, Theodora1, Friend
(id=12497) Ottis Joel, Ottis1, Friend
(id=12744) Travis Leanna, Travis3, Friend
(id=13227) Chris Watson, Chris4, Friend
(id=15993) Harley Hollis, Harley3, Friend
(id=16401) Jesus Billy, Jesus4, Friend
(id=16509) Noemi Giovanni, Noemi2, Friend
(id=17528) Ina Julie, Ina1, Friend
(id=17821) Norman Devyn, Norman2, Friend
(id=17939) Millie Kallie, Millie2, Friend
(id=17989) Keon Bernardo, Keon2, Friend
(id=18036) Cassandra Atticus, Cassandra1, Friend
(id=18443) Logan Arizona, Logan3, Friend
(id=18499) Valerie Newt, Valerie4, Friend
(id=18716) India Gregory, India1, Friend
(id=18743) Kathleen Lucy, Kathleen2, Friend
(id=18879) Elisa Reese, Elisa4, Friend
(id=19000) Georgie Mabelle, Georgie4, Friend
(id=19545) Coby Parker, Coby2, Friend
(id=20150) Issac Joan, Issac4, Friend
(id=20925) Brisa Milford, Brisa1, Friend
(id=21838) Hudson Dave, Hudson3, Friend
(id=22038) Kamari Rafe, Kamari1, Friend
(id=22286) Bryce Zack, Bryce3, Friend
(id=22653) Walker Owen, Walker6, Friend
(id=22967) Elroy Paulina, Elroy1, Friend
(id=23421) Adina Lucina, Adina1, Friend
(id=23557) Aisha Mintie, Aisha6, Friend
(id=23637) Augustine Lila, Augustine2, Friend
(id=23646) Ava Minna, Ava5, Friend
(id=23707) Love Sage, Love2, Friend
(id=24688) Travis Jenna, Travis5, Friend
(id=24879) Skylar Gaven, Skylar4, Friend
(id=25647) Asa Dicie, Asa3, Friend
(id=26017) Dillie Frances, Dillie1, Friend
(id=26510) Glenn Baxter, Glenn7, Friend
(id=26966) Edna Lula, Edna4, Friend
(id=27249) Thea Alpha, Thea2, Friend
(id=27270) Ivan Augustine, Ivan5, Friend
(id=27429) Leota Wilber, Leota1, Friend
(id=28122) Sterling Ignacio, Sterling1, Friend
(id=28999) Harriette Pearl, Harriette3, Friend
(id=29906) Harris Hallie, Harris3, Friend
(id=30664) Judson Art, Judson3, Friend
(id=30897) Richmond Brett, Richmond2, Friend
(id=31759) Charles Jakayla, Charles6, Friend
(id=31907) Walter Morgan, Walter7, Friend
(id=32156) Paris Tia, Paris3, Friend
(id=32399) Elisa Alma, Elisa6, Friend
(id=32437) Bernard Cecile, Bernard5, Friend
(id=32836) Hoyt Bill, Hoyt4, Friend
(id=34433) Madora Flem, Madora3, Friend
(id=34492) Karl Winona, Karl3, Friend
(id=35588) Wilson Mittie, Wilson4, Friend
(id=35668) Barnett Uriah, Barnett2, Friend
(id=36880) Rigoberto Eugene, Rigoberto3, Friend
(id=36902) Math Archie, Math4, Friend
(id=37756) Maude Cathrine, Maude2, Friend
(id=37988) Silas Clayton, Silas5, Friend
(id=37995) Eliza Randy, Eliza10, Friend
(id=38351) Marvin Delilah, Marvin7, Friend
(id=39363) Wayne Paralee, Wayne5, Friend
(id=480) Zona Mozella, Zona1, Friend
(id=1245) Yoselin Ashlyn, Yoselin1, Friend
(id=1740) Meagan Dovie, Meagan2, Friend
(id=2650) Mena Oren, Mena1, Friend
(id=2942) Lloyd Patel, Lloyd1, Friend
(id=3482) Jake Anna, Jake1, Friend
(id=3804) Xavier Cade, Xavier1, Friend
(id=3929) Emery Cathrine, Emery1, Friend
(id=4044) Leatha Kasey, Leatha1, Friend
(id=4494) Jamal Hollie, Jamal1, Friend
(id=5342) Tristan Ruthie, Tristan1, Friend
(id=6495) Destiney Triston, Destiney1, Friend
(id=6552) Lida Liana, Lida1, Friend
(id=6622) Hortense Catherine, Hortense2, Friend
(id=8896) Abril Emma, Abril1, Friend
(id=9267) Augusta Rebecca, Augusta2, Friend
(id=9340) Mitchell Ulysses, Mitchell3, Friend
(id=9587) Florence Adell, Florence2, Friend
(id=10671) Dante Jordan, Dante1, Friend
(id=10764) Aron Press, Aron1, Friend
(id=10956) Carra Ballard, Carra3, Friend
(id=11144) Elisa Tianna, Elisa3, Friend
(id=11879) Cruz Dicie, Cruz5, Friend
(id=12306) Jeremy Cortez, Jeremy1, Friend
(id=12765) Orson Caesar, Orson1, Friend
(id=13080) Cheyanne Pearle, Cheyanne1, Friend
(id=13131) Ara Rosie, Ara4, Friend
(id=13855) Neil Ruthie, Neil2, Friend
(id=14281) Georgie Yoselin, Georgie1, Friend
(id=14687) Dante Arnav, Dante2, Friend
(id=14948) Eugene Melville, Eugene3, Friend
(id=15022) Damian Alaina, Damian2, Friend
(id=15171) Marshal Skylar, Marshal1, Friend
(id=15508) Paloma Alexander, Paloma1, Friend
(id=15726) Theo Joel, Theo1, Friend
(id=15760) Loyd Sofia, Loyd2, Friend
(id=16866) Amarion Wilhelmina, Amarion1, Friend
(id=17270) Gena Roxie, Gena2, Friend
(id=18232) Josiah Nickolas, Josiah3, Friend
(id=18236) Lois Candido, Lois2, Friend
(id=18532) Merton Mathew, Merton2, Friend
(id=18849) Heaven Kyra, Heaven3, Friend
(id=19977) Emilia Kayden, Emilia2, Friend
(id=20141) Ben Journey, Ben2, Friend
(id=20180) Rosetta Kenyon, Rosetta2, Friend
(id=20504) Denzel Adrianna, Denzel3, Friend
(id=21800) Leroy Johnson, Leroy2, Friend
(id=22337) Julianna Giovanny, Julianna1, Friend
(id=22511) Alma Annette, Alma6, Friend
(id=22666) Mima Rohan, Mima4, Friend
(id=22821) Hartley Loren, Hartley5, Friend
(id=22963) Hulda Letty, Hulda3, Friend
(id=24170) Olga Nadia, Olga1, Friend
(id=24869) Metta Tyson, Metta1, Friend
(id=25016) Tyrone Savannah, Tyrone3, Friend
(id=26378) Tempie Thelma, Tempie1, Friend
(id=26709) Cannon Lucy, Cannon2, Friend
(id=27071) Naomi Ciera, Naomi4, Friend
(id=27665) Lacy Brooks, Lacy7, Friend
(id=27769) Abril Isaac, Abril4, Friend
(id=28277) Gideon Fidel, Gideon4, Friend
(id=28522) Carra Madelyn, Carra7, Friend
(id=28818) Sophie Darnell, Sophie7, Friend
(id=29024) Price Angelique, Price2, Friend
(id=29140) Rosa Dollie, Rosa3, Friend
(id=31351) Winifred Ezekiel, Winifred2, Friend
(id=31913) Alessandro Tyra, Alessandro3, Friend
(id=32605) Ray Katelynn, Ray8, Friend
(id=33193) Hassan Boston, Hassan4, Friend
(id=33387) Tori Hettie, Tori3, Friend
(id=33923) Lemuel Lottie, Lemuel4, Friend
(id=34418) Lucian Rich, Lucian5, Friend
(id=35095) Skyler Abril, Skyler7, Friend
(id=35253) Cyril Davis, Cyril4, Friend
(id=35557) Jean Bailey, Jean5, Friend
(id=36181) Don Connie, Don5, Friend
(id=36523) Jimmie Destiney, Jimmie6, Friend
(id=36748) Leonora Semaj, Leonora5, Friend
(id=37165) Carolyn Eliza, Carolyn2, Friend
(id=38257) Micaela Aura, Micaela1, Friend
(id=38416) Rayna Amanda, Rayna1, Friend
(id=38753) Randy Tyrese, Randy3, Friend
(id=38877) Erasmus Hessie, Erasmus3, Friend
(id=38927) Ashly Edwin, Ashly8, Friend
(id=39410) Lanie Cyril, Lanie5, Friend
(id=39471) Yoselin Malaki, Yoselin4, Friend
(id=641) Delina Ahmad, Delina1, Friend
(id=955) Love Stacy, Love1, Friend
(id=1106) Joanna Sterling, Joanna1, Friend
(id=1119) Charlie Marshall, Charlie1, Friend
(id=1567) Selena Octavia, Selena2, Friend
(id=1775) Aryana Tayler, Aryana1, Friend
(id=1888) Kaelyn Aryan, Kaelyn1, Friend
(id=2854) Noah Leda, Noah3, Friend
(id=3025) Layton Marietta, Layton1, Friend
(id=3243) Mara Savanna, Mara1, Friend
(id=4370) Flossie Conrad, Flossie1, Friend
(id=4418) Ray Bertha, Ray2, Friend
(id=4984) Hortense Odessa, Hortense1, Friend
(id=5524) Gertie Mckenzie, Gertie1, Friend
(id=5797) Carmen Bronson, Carmen1, Friend
(id=6629) Charlottie Brea, Charlottie1, Friend
(id=7128) Madyson Matthias, Madyson2, Friend
(id=7603) Jones Everette, Jones1, Friend
(id=7811) Lilian Barton, Lilian1, Friend
(id=8055) Elmina Baxter, Elmina1, Friend
(id=8381) Huey Ibrahim, Huey1, Friend
(id=9278) Justus Sophia, Justus2, Friend
(id=9445) Ella Jasper, Ella2, Friend
(id=10375) Charity Amaris, Charity2, Friend
(id=10400) Sara Clare, Sara4, Friend
(id=10451) Stanley Lettie, Stanley3, Friend
(id=10479) Spencer Berdie, Spencer1, Friend
(id=10674) Karina Mignon, Karina1, Friend
(id=11728) Lew Sanders, Lew3, Friend
(id=12474) Aileen Zelda, Aileen3, Friend
(id=12959) Myles Augusta, Myles1, Friend
(id=13552) Maci Julius, Maci2, Friend
(id=13578) Susan Tommie, Susan3, Friend
(id=13584) Hannah Sterling, Hannah3, Friend
(id=13660) Taylor Kenna, Taylor4, Friend
(id=13710) Tina Parker, Tina2, Friend
(id=14341) Abagail Annika, Abagail1, Friend
(id=14755) Bruno Peyton, Bruno4, Friend
(id=15686) Cleveland Skylar, Cleveland2, Friend
(id=16150) John Wilber, John5, Friend
(id=16870) Aurthur Eliza, Aurthur1, Friend
(id=17614) Lovina Bruno, Lovina2, Friend
(id=17657) Rolland Adah, Rolland4, Friend
(id=17736) Elise Salome, Elise1, Friend
(id=17878) Ronnie Mark, Ronnie2, Friend
(id=18225) Giselle Campbell, Giselle2, Friend
(id=19294) Netta Harmony, Netta1, Friend
(id=20409) Albion Winfield, Albion3, Friend
(id=20426) Dana Roland, Dana7, Friend
(id=20498) Roland Eileen, Roland4, Friend
(id=20972) Lacy Ebony, Lacy6, Friend
(id=21009) Ashton Katy, Ashton3, Friend
(id=21159) Cassie Gracelyn, Cassie4, Friend
(id=21277) Wilford Celina, Wilford2, Friend
(id=22030) Erica Etter, Erica2, Friend
(id=23079) Hardie Millard, Hardie3, Friend
(id=25141) Denis Steve, Denis1, Friend
(id=25317) Betty Cyrus, Betty2, Friend
(id=25692) Madalyn Dayse, Madalyn4, Friend
(id=25859) Adan Isabelle, Adan1, Friend
(id=25931) Isiah Tillie, Isiah1, Friend
(id=26204) Erna Lon, Erna2, Friend
(id=27748) Katherine Shaylee, Katherine2, Friend
(id=28262) Dean Ira, Dean7, Friend
(id=28955) Jaclyn Herschel, Jaclyn1, Friend
(id=29280) Rennie Alondra, Rennie3, Friend
(id=29456) Ollie Jonah, Ollie6, Friend
(id=29876) Mahala Misael, Mahala2, Friend
(id=30055) Ulises Williams, Ulises5, Friend
(id=30234) Jaden Annie, Jaden6, Friend
(id=30594) Herschel Claudia, Herschel3, Friend
(id=31778) Everette Carolyn, Everette4, Friend
(id=32546) Henderson Ela, Henderson1, Friend
(id=32894) Leland Ashley, Leland3, Friend
(id=33494) Abraham Donna, Abraham3, Friend
(id=33725) Carlton Arthur, Carlton5, Friend
(id=34152) Lemma Cameron, Lemma5, Friend
(id=34184) Isadora Alvia, Isadora4, Friend
(id=34592) Theo Davis, Theo3, Friend
(id=34908) Zeke Otha, Zeke5, Friend
(id=36069) Arvilla Jonathan, Arvilla3, Friend
(id=36109) Mireya George, Mireya1, Friend
(id=36891) Odessa Josh, Odessa1, Friend
(id=37544) Daniel Gustavo, Daniel7, Friend
(id=38587) Reilly Deja, Reilly2, Friend
(id=38905) Rilla Frida, Rilla2, Friend
(id=39359) Rory Ola, Rory1, Friend
(id=39483) Bertha Alma, Bertha6, Friend
(id=76) Brynn Sydnee, Brynn1, Friend
(id=386) Kattie Deja, Kattie1, Friend
(id=630) Kelton Edith, Kelton2, Friend
(id=1282) Irena Maude, Irena1, Friend
(id=1425) Aaron Ida, Aaron1, Friend
(id=1461) Washington Colin, Washington1, Friend
(id=1537) Karissa Jacey, Karissa1, Friend
(id=2305) Littie Cleora, Littie1, Friend
(id=2450) Bennett Pedro, Bennett1, Friend
(id=3102) Maverick Esau, Maverick1, Friend
(id=3613) Riley Markell, Riley2, Friend
(id=4994) Gage Maleah, Gage1, Friend
(id=5063) Sergio Renee, Sergio1, Friend
(id=6018) Emanuel Elsa, Emanuel2, Friend
(id=6250) Pearle Earl, Pearle1, Friend
(id=6290) Kali Braden, Kali1, Friend
(id=6995) Markell Hester, Markell3, Friend
(id=7447) Queenie Cason, Queenie2, Friend
(id=7802) Andres Lyda, Andres2, Friend
(id=8236) Xzavier Sammie, Xzavier1, Friend
(id=8344) Luz Mary, Luz1, Friend
(id=8366) Huston Michaela, Huston2, Friend
(id=9048) Dominique Serenity, Dominique3, Friend
(id=9385) Art Zechariah, Art1, Friend
(id=9433) Jaiden Addie, Jaiden2, Friend
(id=9575) Gilbert Bishop, Gilbert2, Friend
(id=10333) Olaf Ballard, Olaf1, Friend
(id=10694) Rafe Steve, Rafe1, Friend
(id=10959) Jean Lemma, Jean2, Friend
(id=11103) Kole Brynn, Kole2, Friend
(id=11626) Angela Myrta, Angela2, Friend
(id=12607) Jacoby Ludwig, Jacoby3, Friend
(id=12617) Marianna Lyda, Marianna2, Friend
(id=13383) Mohammed Lovisa, Mohammed1, Friend
(id=13817) James Jaycee, James6, Friend
(id=13984) Gabriela Margaretta, Gabriela1, Friend
(id=14383) Billy Kyleigh, Billy3, Friend
(id=15549) Ashanti Lucas, Ashanti2, Friend
(id=15789) Cullen Stephany, Cullen1, Friend
(id=16134) Adrian Emerson, Adrian2, Friend
(id=16882) River Enoch, River3, Friend
(id=17482) Rubi Peggy, Rubi2, Friend
(id=17673) Helma Idella, Helma1, Friend
(id=18471) Shreya Cato, Shreya2, Friend
(id=18494) Jorden Landyn, Jorden3, Friend
(id=18520) Marina Cornelia, Marina1, Friend
(id=18538) Anton Jonas, Anton3, Friend
(id=18781) Lela Gisselle, Lela3, Friend
(id=18817) Zoe Shaylee, Zoe1, Friend
(id=18960) Tina Bryan, Tina3, Friend
(id=18986) Esteban Flora, Esteban2, Friend
(id=19866) Juliana Selena, Juliana2, Friend
(id=20036) Marina Evan, Marina2, Friend
(id=20433) Jaheim Vesta, Jaheim2, Friend
(id=21285) Haylee Avery, Haylee4, Friend
(id=22515) Soar Salma, Soar2, Friend
(id=22749) Ivah Katelyn, Ivah2, Friend
(id=23016) Deborah Isaiah, Deborah3, Friend
(id=23135) Adda Romeo, Adda2, Friend
(id=23196) Bridget Florida, Bridget3, Friend
(id=24336) Ezra Jeffery, Ezra4, Friend
(id=24502) Georgina Arlene, Georgina3, Friend
(id=25120) Leanna Kathryn, Leanna6, Friend
(id=25308) Darian Ethel, Darian1, Friend
(id=26498) Cassie Freddie, Cassie7, Friend
(id=26669) Marcia Julianna, Marcia1, Friend
(id=26957) Deon Lavenia, Deon2, Friend
(id=28161) Bishop Donald, Bishop1, Friend
(id=28456) Emery Perla, Emery6, Friend
(id=28782) Arther Yuridia, Arther2, Friend
(id=29770) Teagan Stanley, Teagan3, Friend
(id=30491) Alida Arabella, Alida2, Friend
(id=30726) Aimee Nick, Aimee3, Friend
(id=31469) Emmitt Blake, Emmitt1, Friend
(id=31710) Cameron Yaritza, Cameron3, Friend
(id=32039) Jesse Nelle, Jesse2, Friend
(id=32415) Benjaman Elsie, Benjaman3, Friend
(id=32519) Anthony Lem, Anthony4, Friend
(id=32865) Zane Alverta, Zane4, Friend
(id=33079) Alvah Kenzie, Alvah1, Friend
(id=33306) Jettie Abel, Jettie2, Friend
(id=33515) Solon Gorge, Solon4, Friend
(id=33918) Shannon Lessie, Shannon9, Friend
(id=34376) Julianne Ottilie, Julianne2, Friend
(id=35495) Theo Lauren, Theo5, Friend
(id=35945) Horatio Alexander, Horatio1, Friend
(id=35955) Randall Tess, Randall8, Friend
(id=37151) Arjun Clara, Arjun5, Friend
(id=37315) Rocky Marcia, Rocky2, Friend
(id=37461) Laci Atticus, Laci3, Friend
(id=37557) Campbell Zain, Campbell4, Friend
(id=38216) Jordan Willie, Jordan8, Friend
(id=39237) Ted Jairo, Ted2, Friend
(id=39480) Todd Layne, Todd5, Friend
(id=34) Nona Lucille, Nona1, Friend
(id=190) Jace Woodson, Jace1, Friend
(id=1184) Adam Horatio, Adam1, Friend
(id=2132) Jayla Johnpaul, Jayla1, Friend
(id=2358) Janiyah Tiara, Janiyah1, Friend
(id=2488) Frank Eduardo, Frank2, Friend
(id=2564) Markell Jailyn, Markell2, Friend
(id=2740) Holmes Lesley, Holmes1, Friend
(id=2795) Alison Jefferson, Alison1, Friend
(id=2908) Jerry Vera, Jerry2, Friend
(id=3295) Coy Houston, Coy1, Friend
(id=3534) Ryann Beaty, Ryann1, Friend
(id=3639) Walton Dante, Walton1, Friend
(id=3745) Hillary Jordon, Hillary1, Friend
(id=5847) Rhett Rhoda, Rhett1, Friend
(id=6555) Marlon Watson, Marlon3, Friend
(id=6949) Lew Loretta, Lew1, Friend
(id=7325) Sage Gisselle, Sage2, Friend
(id=7995) Nettie Hedwig, Nettie1, Friend
(id=8001) Byrd Joanna, Byrd1, Friend
(id=8105) Elder Ardelia, Elder1, Friend
(id=8352) Gianna Lanie, Gianna1, Friend
(id=8419) Bernadette Jaquan, Bernadette1, Friend
(id=8659) Tia Liam, Tia1, Friend
(id=8941) Samuel Cornelius, Samuel1, Friend
(id=9033) Tye Liller, Tye1, Friend
(id=9554) Magdalena Zoie, Magdalena1, Friend
(id=9773) Lanie Jeanne, Lanie2, Friend
(id=9983) Ples Konnor, Ples1, Friend
(id=11226) Mariam Reina, Mariam1, Friend
(id=11329) Tobias Marcus, Tobias5, Friend
(id=13273) Dion Teressa, Dion1, Friend
(id=13440) Virginia Dalia, Virginia3, Friend
[...]
(id=16205) Jones Brenna, Jones2, Friend
(id=16729) Drew Myla, Drew5, Friend
(id=17188) Jett Linnie, Jett1, Friend
(id=18115) Konner Ludie, Konner2, Friend
(id=18425) Alford Mckenna, Alford1, Friend
(id=18893) Jair Jaydin, Jair4, Friend
(id=19062) Carl Irven, Carl4, Friend
(id=19684) Liddie Misael, Liddie3, Friend
(id=20957) Fannie Darnell, Fannie3, Friend
(id=21479) Mayra Birt, Mayra1, Friend
(id=21494) Mena Josephine, Mena2, Friend
(id=21499) Jose Frances, Jose1, Friend
(id=21753) Susie Greta, Susie2, Friend
(id=22044) Alysa Marisol, Alysa3, Friend
(id=22387) Norah Celestine, Norah2, Friend
(id=23805) Jim Bankimchandra, Jim2, Friend
(id=23936) Isa Charity, Isa4, Friend
(id=25375) Makena Elizabeth, Makena2, Friend
(id=25509) Lucie Jaelynn, Lucie3, Friend
(id=26582) Livia Johnathon, Livia1, Friend
(id=27091) Raoul Handy, Raoul4, Friend
(id=27479) Camille Rita, Camille4, Friend
(id=27654) Colin Monserrat, Colin6, Friend
(id=28978) Leonard Gerald, Leonard3, Friend
(id=28995) Aubree Julie, Aubree1, Friend
(id=29108) Fannie Vance, Fannie4, Friend
(id=29501) Julianne Mariam, Julianne1, Friend
(id=31121) Cullen Edgar, Cullen6, Friend
(id=32603) Hardin Glenn, Hardin4, Friend
(id=32897) Kamren Elyssa, Kamren2, Friend
(id=33686) Magdalena Rice, Magdalena5, Friend
(id=33729) Leatha Dylan, Leatha4, Friend
(id=35181) Brandon Mia, Brandon2, Friend
(id=35185) Charlotte Eliseo, Charlotte5, Friend
(id=35374) Estie Augusta, Estie4, Friend
(id=35412) Xavier Marshall, Xavier3, Friend
(id=35644) Mariah Mable, Mariah4, Friend
(id=35835) Eun Iva, Eun1, Friend
(id=35959) Gabrielle Sudie, Gabrielle2, Friend
(id=36657) Kyler Justus, Kyler4, Friend
(id=36746) Guadalupe Angie, Guadalupe7, Friend
(id=36973) Austen Jovanny, Austen3, Friend
(id=37782) Roberta Mittie, Roberta3, Friend
(id=37960) Aurora Devonte, Aurora6, Friend
(id=37971) Martin Ottilie, Martin6, Friend
(id=39613) Carolyn Hugo, Carolyn3, Friend
(id=227) Seth Salma, Seth1, Friend
(id=1815) Manuel Dayanara, Manuel1, Friend
(id=2289) Lawson Flora, Lawson1, Friend
(id=2742) Celina Chaz, Celina1, Friend
(id=3188) Tessa Estefani, Tessa1, Friend
(id=3556) Ona Alverta, Ona1, Friend
(id=3601) Juana Keira, Juana1, Friend
(id=4208) Leticia Aimee, Leticia1, Friend
(id=5166) Effa Jamal, Effa3, Friend
(id=5591) Myla Osie, Myla2, Friend
(id=5961) Lee June, Lee3, Friend
(id=6296) Walter Felix, Walter2, Friend
(id=6834) Hugh Margery, Hugh1, Friend
(id=7122) Pedro Juanita, Pedro2, Friend
(id=7538) Ednah Troy, Ednah2, Friend
(id=7978) Payton Nestor, Payton2, Friend
(id=9657) Enzo Corbin, Enzo1, Friend
(id=9662) Solon Amira, Solon1, Friend
(id=9784) Jeremiah Phoenix, Jeremiah2, Friend
(id=11443) Thaddeus Cameron, Thaddeus2, Friend
(id=12137) Lemuel Bobby, Lemuel2, Friend
(id=12803) Alpha Ivy, Alpha1, Friend
(id=13606) Hayden Quinn, Hayden4, Friend
(id=14198) Lula Carey, Lula1, Friend
(id=14853) Buck Viola, Buck1, Friend
(id=15439) Ora Lawson, Ora1, Friend
(id=15824) Vance Jackson, Vance1, Friend
(id=15978) Gideon Sidney, Gideon1, Friend
(id=16368) Kody Jessica, Kody4, Friend
(id=17637) Stuart Celia, Stuart5, Friend
(id=17680) Albion Agustin, Albion2, Friend
(id=18484) Alexzander Kai, Alexzander4, Friend
(id=18978) Cammie Erasmus, Cammie1, Friend
(id=20635) Bell Brycen, Bell3, Friend
(id=21115) Eddie Giovanni, Eddie4, Friend
(id=21176) Ricky Jerome, Ricky3, Friend
(id=21310) Clyde Chanie, Clyde4, Friend
(id=21455) Ann Kane, Ann3, Friend
(id=21828) Whitney Hershel, Whitney4, Friend
(id=22429) James Giles, James7, Friend
(id=22528) Stella Fronie, Stella4, Friend
(id=23020) Brittany Gertie, Brittany4, Friend
(id=24594) Annette Carmen, Annette3, Friend
(id=27004) Hardin Rylie, Hardin2, Friend
(id=27204) David Bessie, David6, Friend
(id=27850) Julie Marcos, Julie6, Friend
(id=27925) Reba John, Reba3, Friend
(id=29417) Elvis Enzo, Elvis3, Friend
(id=29657) Edgar Bradley, Edgar12, Friend
(id=31684) Drew Ola, Drew8, Friend
(id=33675) Isam Sophie, Isam3, Friend
(id=33722) Theda Catalina, Theda2, Friend
(id=34057) Christena Sally, Christena4, Friend
(id=34143) Phoenix Genevieve, Phoenix5, Friend
(id=34871) Docia Jayla, Docia4, Friend
(id=35187) Sada Mary, Sada5, Friend
(id=35234) Luther Hezekiah, Luther4, Friend
(id=35315) Margarita Winston, Margarita3, Friend
(id=35475) Santos Sydney, Santos3, Friend
(id=36779) Edwina Mathilde, Edwina3, Friend
(id=36889) Era Lella, Era1, Friend
(id=38212) Justice Frank, Justice6, Friend
(id=38349) Benjamine Daryl, Benjamine4, Friend
(id=1110) Dallin Laci, Dallin1, Friend
(id=1929) Merle Sibyl, Merle3, Friend
(id=2403) Elaine Janiya, Elaine2, Friend
(id=2541) Creed Leander, Creed1, Friend
(id=2760) Jovan Genesis, Jovan1, Friend
(id=2818) Jay Press, Jay2, Friend
(id=2955) Bertha Kassandra, Bertha2, Friend
(id=3528) Denver Lyman, Denver2, Friend
(id=4382) Ayden Micah, Ayden1, Friend
(id=4902) Myah Patsy, Myah1, Friend
(id=5420) Noel Nadia, Noel1, Friend
(id=5791) Mathilda Diana, Mathilda1, Friend
(id=6030) Arrie Sabina, Arrie1, Friend
(id=6332) Karley Claudine, Karley2, Friend
(id=6872) Felicity Percy, Felicity2, Friend
(id=7540) Benjaman Soren, Benjaman2, Friend
(id=7912) Etter Nigel, Etter2, Friend
(id=8115) Grace Theodosia, Grace1, Friend
(id=8221) Malinda Brenna, Malinda1, Friend
(id=8313) Riley Nannie, Riley5, Friend
(id=8817) Oscar Garfield, Oscar3, Friend
(id=9464) Leonard Dayana, Leonard2, Friend
(id=10482) Alexa Loren, Alexa1, Friend
(id=10747) Lutie Dale, Lutie1, Friend
(id=11187) Dwayne Curtis, Dwayne1, Friend
(id=11712) Janiyah Icy, Janiyah2, Friend
(id=12486) Adda Izaiah, Adda1, Friend
(id=12564) Lou Linna, Lou5, Friend
(id=13886) Danielle Kennedy, Danielle1, Friend
(id=14050) Roena Delos, Roena1, Friend
(id=14870) Eda Christine, Eda2, Friend
(id=15035) Charles Carrie, Charles2, Friend
(id=16055) Dallas Alphonso, Dallas2, Friend
(id=16766) Carolina Redden, Carolina7, Friend
(id=18000) Leland Destiny, Leland1, Friend
(id=18179) Olie Shamar, Olie3, Friend
(id=18468) Parthenia Anderson, Parthenia2, Friend
(id=18944) Justice Will, Justice3, Friend
(id=19238) Rylan Emiliano, Rylan1, Friend
(id=19242) Lavina Tena, Lavina3, Friend
(id=20795) London Chloe, London10, Friend
(id=20893) Christian Lena, Christian7, Friend
(id=21120) Conor Angeline, Conor4, Friend
(id=23150) Paulina Aurthur, Paulina2, Friend
(id=23828) Hanna King, Hanna2, Friend
(id=24731) Lina Katelin, Lina6, Friend
(id=25377) Alba Hedwig, Alba4, Friend
(id=25610) Alia Mat, Alia2, Friend
(id=26072) Chrissie Neal, Chrissie2, Friend
(id=26171) Axel Phillip, Axel4, Friend
(id=27785) Bird Orval, Bird3, Friend
(id=27898) Jaden Ila, Jaden5, Friend
(id=28427) Ernestine Melvin, Ernestine2, Friend
(id=28943) Zion Stockar, Zion3, Friend
(id=29142) Larkin Cortez, Larkin2, Friend
(id=29539) Phebe Geoffrey, Phebe2, Friend
(id=30240) Carolina Remington, Carolina8, Friend
(id=30680) Arch Theodosia, Arch2, Friend
(id=31345) Briana Vivian, Briana5, Friend
(id=31686) Ryker Mikalah, Ryker6, Friend
(id=31943) Garfield Howell, Garfield2, Friend
(id=32828) Vertie Eliseo, Vertie1, Friend
(id=33804) Miles Mammie, Miles3, Friend
(id=34948) Jaylin Heaven, Jaylin6, Friend
(id=35035) Cayla Malinda, Cayla6, Friend
(id=36625) Byron Wilmer, Byron6, Friend
(id=36661) Harry Alphonso, Harry8, Friend
(id=37270) Nya Gretchen, Nya5, Friend
(id=37930) Elvis Renee, Elvis5, Friend
(id=39162) Fabian Shayne, Fabian4, Friend
(id=652) Finn Ross, Finn1, Friend
(id=1493) Belle Johnnie, Belle1, Friend
(id=1535) Delilah Emery, Delilah1, Friend
(id=1629) Mac Emma, Mac1, Friend
(id=2041) Jaiden Daniel, Jaiden1, Friend
(id=2161) Goldie Brisa, Goldie1, Friend
(id=2204) June Marco, June1, Friend
(id=3406) Naomi Hannah, Naomi1, Friend
(id=3647) Makenna Honora, Makenna1, Friend
(id=4345) Cecilia Santiago, Cecilia1, Friend
(id=4477) Gorge Braden, Gorge1, Friend
(id=4609) Martha Talon, Martha3, Friend
(id=5160) Valerie Emery, Valerie1, Friend
(id=5554) Jair Wendell, Jair1, Friend
(id=5858) Braulio Amari, Braulio1, Friend
(id=5894) Hector Pauline, Hector3, Friend
(id=7594) Bryant Isis, Bryant2, Friend
(id=7935) Fate Yee, Fate2, Friend
(id=8326) Adrianna Barnett, Adrianna1, Friend
(id=8439) Levy Mamie, Levy1, Friend
(id=8486) Lilianna Antwan, Lilianna1, Friend
(id=8722) Holmes Brad, Holmes2, Friend
(id=9490) Junior Neal, Junior1, Friend
(id=9581) Pearlie Rowan, Pearlie1, Friend
(id=10339) Lela Marisa, Lela1, Friend
(id=10842) Tim Noble, Tim2, Friend
(id=11271) Margaretta Violet, Margaretta2, Friend
(id=11814) Mark Nayeli, Mark4, Friend
(id=12281) Maude Thaddeus, Maude1, Friend
(id=12466) Libbie Melva, Libbie1, Friend
(id=12568) Hence Fidelia, Hence1, Friend
(id=13301) Sina Leander, Sina1, Friend
(id=14827) Grant Evelyn, Grant4, Friend
(id=17440) Jordan Georgiana, Jordan2, Friend
(id=18059) Valeria Gracia, Valeria1, Friend
(id=18721) Edward Christena, Edward3, Friend
(id=18857) Roy Diamond, Roy8, Friend
(id=20982) Nigel Elias, Nigel4, Friend
(id=22161) Leander Leda, Leander1, Friend
(id=22334) Cristina Elle, Cristina4, Friend
(id=22443) Kai Rutherford, Kai3, Friend
(id=23170) Mignon Jaquan, Mignon4, Friend
(id=23635) Antonio Brady, Antonio6, Friend
(id=24181) Nikki Carley, Nikki2, Friend
(id=24622) Ashton Reagan, Ashton5, Friend
(id=25189) Clark Thomas, Clark6, Friend
(id=25290) Opal Esther, Opal4, Friend
(id=26061) Don Jackson, Don4, Friend
(id=26353) Hattie Hedwig, Hattie3, Friend
(id=26798) Cason Justus, Cason3, Friend
(id=28128) Augustine Donna, Augustine3, Friend
(id=28168) Kayden Orville, Kayden5, Friend
(id=28565) Nelson Jovan, Nelson6, Friend
(id=28842) Mallory Martha, Mallory2, Friend
(id=28880) Linna Quinten, Linna2, Friend
(id=29503) Cayden Mose, Cayden1, Friend
(id=29776) Zola Imogene, Zola1, Friend
(id=29900) Kason Jolie, Kason2, Friend
(id=30485) Logan Julian, Logan4, Friend
(id=31384) Skyler Luca, Skyler6, Friend
(id=31671) Vincenzo Brea, Vincenzo4, Friend
(id=32096) Byron Sidney, Byron4, Friend
(id=32395) Walker Peace, Walker7, Friend
(id=32586) Triston Miranda, Triston4, Friend
(id=32590) Reginald Constance, Reginald7, Friend
(id=32845) Earl Kennedi, Earl7, Friend
(id=33207) Camilla Jaliyah, Camilla4, Friend
(id=34032) Mercedes Texas, Mercedes3, Friend
(id=35827) Allen Carl, Allen5, Friend
(id=36287) Cory Lukas, Cory6, Friend
(id=36873) Daisy Luella, Daisy4, Friend
(id=37631) Karson Natalie, Karson5, Friend
(id=152) Aliza Raoul, Aliza1, Friend
(id=363) Yvette Marjorie, Yvette1, Friend
(id=2512) Guy Carina, Guy1, Friend
(id=3383) Kattie Sidney, Kattie2, Friend
(id=3484) London Patience, London2, Friend
(id=3863) Lewis Madilyn, Lewis1, Friend
(id=4099) Samir Damion, Samir1, Friend
(id=4200) Ernestine Edward, Ernestine1, Friend
(id=4815) Talia Haley, Talia2, Friend
(id=4834) Joana Milo, Joana2, Friend
(id=4906) Vesta Lyman, Vesta1, Friend
(id=6373) Nora Gavyn, Nora1, Friend
(id=7329) Ena Geoffrey, Ena1, Friend
(id=7400) Elias Ivy, Elias2, Friend
(id=8046) Brody Micah, Brody2, Friend
(id=8356) Cory Dana, Cory1, Friend
(id=8598) Marion Ashlynn, Marion1, Friend
(id=8968) Rita Flora, Rita2, Friend
(id=9677) Bruno Elvin, Bruno2, Friend
(id=10309) Dessa Woodson, Dessa2, Friend
(id=10735) Shaniya Sterling, Shaniya1, Friend
(id=11129) Lovisa Kolby, Lovisa1, Friend
(id=12076) Omari Evelyn, Omari2, Friend
(id=12163) Brea Allen, Brea1, Friend
(id=12626) Justin Rosanna, Justin1, Friend
(id=12736) Ali Maleah, Ali2, Friend
(id=12822) Soar Ruby, Soar1, Friend
(id=12840) Rene Hershel, Rene3, Friend
(id=13065) Evan Barnett, Evan3, Friend
(id=13320) Kizzie John, Kizzie2, Friend
(id=13872) Houston Payton, Houston3, Friend
(id=14249) Cassidy Madeline, Cassidy1, Friend
(id=14391) Joselyn Sammie, Joselyn1, Friend
(id=15217) Percy Omie, Percy2, Friend
(id=16088) Lavina Alejandra, Lavina1, Friend
(id=16329) Artie Cassie, Artie4, Friend
(id=16335) Hope Eleanor, Hope2, Friend
(id=17160) Elmina Shirley, Elmina2, Friend
(id=17263) Kane Alvina, Kane3, Friend
(id=17443) Eligah Addison, Eligah1, Friend
(id=20054) Marcus Reagan, Marcus1, Friend
(id=20066) Sandy Ona, Sandy2, Friend
(id=20071) Wayne Isadore, Wayne2, Friend
(id=20351) Huston Bettie, Huston4, Friend
(id=20477) Briana Andy, Briana4, Friend
(id=21947) Efren Marlee, Efren2, Friend
(id=22137) Augusta Lella, Augusta6, Friend
(id=22222) Saul Wilburn, Saul2, Friend
(id=22431) Classie Adelaide, Classie5, Friend
(id=23381) Coleman Nola, Coleman4, Friend
(id=26093) Ristollia Susan, Ristollia4, Friend
(id=27227) Edgar Angus, Edgar11, Friend
(id=27293) Issac Jason, Issac5, Friend
(id=27595) Axel Claudie, Axel5, Friend
(id=27618) Charles Kianna, Charles5, Friend
(id=27947) Sage Donie, Sage4, Friend
(id=28116) Peace Gael, Peace3, Friend
(id=28154) Edwin Reed, Edwin4, Friend
(id=28206) Bert Kamron, Bert5, Friend
(id=28236) Mahala Rush, Mahala1, Friend
(id=28351) Tamia Tristian, Tamia3, Friend
(id=32134) Henrietta Marlon, Henrietta1, Friend
(id=32177) Irvin Toney, Irvin3, Friend
(id=32397) Berry Tobias, Berry3, Friend
(id=32615) Zena Jalyn, Zena4, Friend
(id=33854) Emmet Cicero, Emmet4, Friend
(id=34332) Armand Eliza, Armand2, Friend
(id=35349) Melville August, Melville4, Friend
(id=36366) Yvette Ayanna, Yvette7, Friend
(id=36691) Jax Nora, Jax5, Friend
(id=36698) Yasmine Tristin, Yasmine4, Friend
(id=36817) Lamar Commodore, Lamar6, Friend
(id=36826) Jaliyah Denver, Jaliyah2, Friend
(id=37248) Ava Kaylin, Ava8, Friend
(id=37451) Leopold Jade, Leopold1, Friend
(id=38069) Holly Cyrus, Holly4, Friend
(id=39220) Alison Benjaman, Alison7, Friend
(id=39462) Pollie Granville, Pollie2, Friend
(id=30) Cindy Sarahi, Cindy1, Friend
(id=256) Estevan Korbin, Estevan1, Friend
(id=272) Pablo Charlotta, Pablo1, Friend
(id=344) Jaidyn Damon, Jaidyn1, Friend
(id=1390) Tobias Annabel, Tobias1, Friend
(id=1860) Bridget Julissa, Bridget1, Friend
(id=2697) Patty Ephriam, Patty1, Friend
(id=3196) Eliza Cassie, Eliza1, Friend
(id=3321) Stephany Dustin, Stephany1, Friend
(id=3877) Alina Mortimer, Alina1, Friend
(id=4729) Alma Eddie, Alma1, Friend
(id=5308) Dimitri Nichole, Dimitri2, Friend
(id=5398) Kayla Lucy, Kayla1, Friend
(id=5880) Emanuel Tracy, Emanuel1, Friend
(id=6508) Adriana Nia, Adriana1, Friend
(id=6631) Chas Veronica, Chas2, Friend
(id=7376) Davis Deangelo, Davis2, Friend
(id=7517) Roy Karma, Roy4, Friend
(id=7523) Kody Kianna, Kody2, Friend
(id=7727) Paula Yazmin, Paula2, Friend
(id=7842) Birt Brad, Birt2, Friend
(id=7993) Hampton Jaden, Hampton3, Friend
(id=8123) Julien Mariana, Julien2, Friend
(id=8459) Hal Lemuel, Hal1, Friend
(id=8823) Landon Donnie, Landon2, Friend
(id=9869) Naomi Grayce, Naomi3, Friend
(id=9917) Vivian Karina, Vivian1, Friend
(id=10495) Brooklyn Lora, Brooklyn1, Friend
(id=10975) Albion Harmony, Albion1, Friend
(id=11917) Bailey Kaylen, Bailey3, Friend
(id=13018) Sofia Douglas, Sofia2, Friend
(id=13737) Cael Jogi, Cael1, Friend
(id=13776) Russell Marvin, Russell3, Friend
(id=14110) Etter Janessa, Etter3, Friend
(id=14945) Crystal Herschel, Crystal1, Friend
(id=15057) Ryleigh Keenan, Ryleigh2, Friend
(id=15123) Cayla Enoch, Cayla4, Friend
(id=16266) Geneva Jimena, Geneva1, Friend
(id=17055) Nella Bella, Nella1, Friend
(id=17080) Dell Tiffany, Dell2, Friend
(id=17555) Brodie Rosina, Brodie3, Friend
(id=20931) Jacob Calla, Jacob2, Friend
(id=20965) Melvina Sula, Melvina1, Friend
(id=21509) Omar Dove, Omar3, Friend
(id=22046) Alois Ramon, Alois3, Friend
(id=22179) Bailee Verna, Bailee2, Friend
(id=22205) Carol Mohammed, Carol3, Friend
(id=22498) Jimmy Milo, Jimmy3, Friend
(id=23006) Jake Zora, Jake2, Friend
(id=24062) Giovanni Marvin, Giovanni1, Friend
(id=24125) Jamari Serenity, Jamari2, Friend
(id=24508) Nella Myla, Nella2, Friend
(id=24874) Skyler Daisie, Skyler5, Friend
(id=25495) Clyda Karson, Clyda2, Friend
(id=25641) Winona Bryan, Winona3, Friend
(id=26213) Jean Cristobal, Jean4, Friend
(id=26457) Terry Jordan, Terry8, Friend
(id=27787) Luis Luciano, Luis7, Friend
(id=28142) Blanca Reuben, Blanca2, Friend
(id=28707) Maye Leonard, Maye1, Friend
(id=28777) Lincoln Marilyn, Lincoln3, Friend
(id=29397) Sophia Mollie, Sophia4, Friend
(id=31003) Kanye Kamden, Kanye4, Friend
(id=31016) Watson Lafayette, Watson3, Friend
(id=31167) Mitchell Cooper, Mitchell8, Friend
(id=31238) Emilio Ella, Emilio2, Friend
(id=31451) Herbert Morgan, Herbert4, Friend
(id=32240) Wilhelmina Bria, Wilhelmina4, Friend
(id=32822) Saul Richard, Saul3, Friend
(id=33379) Fernanda Ismael, Fernanda2, Friend
(id=33750) Inez Alex, Inez1, Friend
(id=33795) Ardella Don, Ardella3, Friend
(id=34199) Tomas Jayden, Tomas5, Friend
(id=34610) Katy Pearlie, Katy6, Friend
(id=34627) Bradyn Rennie, Bradyn2, Friend
(id=34978) Gus Grace, Gus3, Friend
(id=35353) Reuben Judson, Reuben3, Friend
(id=36782) Arnold Juanita, Arnold4, Friend
(id=38442) Arielle Titus, Arielle2, Friend
(id=38937) Delia Perry, Delia6, Friend
(id=38996) Jossie Amie, Jossie2, Friend
(id=39227) Edmond Roderick, Edmond2, Friend
(id=39650) Parker Dixie, Parker7, Friend
(id=1498) Duff John, Duff1, Friend
(id=1519) Jimmy Sandy, Jimmy1, Friend
(id=1614) Pablo Kole, Pablo2, Friend
(id=1649) Cloyd Aurelia, Cloyd1, Friend
(id=1666) Ray Ples, Ray1, Friend
(id=2711) Camilla Oswaldo, Camilla1, Friend
(id=2785) Abigail Gorge, Abigail1, Friend
(id=2887) Josie Rhoda, Josie1, Friend
(id=2932) Handy Alda, Handy1, Friend
(id=3087) Gael Tatyana, Gael1, Friend
(id=4221) Christiana Angus, Christiana1, Friend
(id=4659) Colleen Manie, Colleen1, Friend
(id=4979) Clay Milford, Clay2, Friend
(id=5068) Genesis Adrienne, Genesis2, Friend
(id=5107) Onie Madilyn, Onie1, Friend
(id=5252) Esperanza Roberto, Esperanza1, Friend
(id=5482) Archie Harmony, Archie2, Friend
(id=5662) Lee Eunice, Lee2, Friend
(id=6046) Mya Jacob, Mya1, Friend
(id=6421) Hallie Maud, Hallie1, Friend
(id=6498) Terrell Leon, Terrell1, Friend
(id=8843) Angelina Aaron, Angelina1, Friend
(id=8860) Viney Devon, Viney3, Friend
(id=8919) Melany Bryant, Melany2, Friend
(id=9426) Aden Randall, Aden2, Friend
(id=9512) Perry Justice, Perry1, Friend
(id=9822) Khalil Walker, Khalil3, Friend
(id=10377) Patakin Vincent, Patakin1, Friend
(id=11059) Dana Emmer, Dana2, Friend
(id=11437) Hayley Harry, Hayley2, Friend
(id=12257) Aisha Norah, Aisha3, Friend
(id=12431) Goldie Stonewall, Goldie2, Friend
(id=12747) Deshawn Pearlie, Deshawn1, Friend
(id=14501) Arnold Ernest, Arnold3, Friend
(id=14522) Arthur Kaylen, Arthur6, Friend
(id=14716) Dominic Travon, Dominic2, Friend
(id=14742) Enrique Cisostine, Enrique1, Friend
(id=15183) Abigail Onie, Abigail2, Friend
(id=15736) Kathryn Alice, Kathryn1, Friend
(id=16586) Alonso Adam, Alonso1, Friend
(id=17242) Wilton Marlee, Wilton2, Friend
(id=17472) Lavenia Williams, Lavenia2, Friend
(id=20201) Izabella Fay, Izabella1, Friend
(id=20704) Kattie Pierre, Kattie4, Friend
(id=21491) Keven Margaretta, Keven2, Friend
(id=22217) Alcie Cecilia, Alcie4, Friend
(id=22862) Joey Marcelo, Joey1, Friend
(id=22874) Josiah Alexis, Josiah4, Friend
(id=23330) Bella Sage, Bella7, Friend
(id=23648) Claire Evalena, Claire6, Friend
(id=24243) Thad Maymie, Thad2, Friend
(id=24940) Zena Clovis, Zena3, Friend
(id=24950) Lesley Mignon, Lesley3, Friend
(id=25422) Seth Devon, Seth3, Friend
(id=25493) Kinsley Matie, Kinsley4, Friend
(id=26250) Ismael Trent, Ismael4, Friend
(id=27296) Charlotta Finley, Charlotta2, Friend
(id=27726) Emerson Adrien, Emerson12, Friend
(id=27991) Adda Catharine, Adda3, Friend
(id=28579) Elnora Sanders, Elnora2, Friend
(id=28794) Jaiden Justine, Jaiden6, Friend
(id=29383) Hugh Finis, Hugh5, Friend
(id=30540) Antwan Aleah, Antwan5, Friend
(id=30950) Leah Yoselin, Leah5, Friend
(id=32899) Rex Simeon, Rex5, Friend
(id=34222) Matthias Layton, Matthias1, Friend
(id=35019) Ristollia Jada, Ristollia6, Friend
(id=35449) Natasha Quentin, Natasha4, Friend
(id=36418) Leonardo Kobe, Leonardo2, Friend
(id=36559) Helene Bennett, Helene4, Friend
(id=36968) Mena Elena, Mena4, Friend
(id=37242) Marian Nonie, Marian3, Friend
(id=37672) Anna Breana, Anna4, Friend
(id=38773) Lilliana Marie, Lilliana3, Friend
(id=39246) Adeline Audrey, Adeline5, Friend
(id=39525) Alfredo Daniel, Alfredo3, Friend
]]></system-out>
  <system-err><![CDATA[]]></system-err>
</testsuite>
